000 (248907.029.000) 2023-12-10 16:54:16 Job submitted from host: <128.104.100.148:9618?addrs=128.104.100.148-9618+[2607-f388-107c-501-216-3eff-feb2-bc11]-9618&alias=learn.chtc.wisc.edu&noUDP&sock=schedd_1351356_64bc>
...
040 (248907.029.000) 2023-12-10 16:55:06 Entered queue to transfer input files
	Transferring to host: <128.105.69.100:9618?addrs=128.105.69.100-9618+[2607-f388-2200-100-1270-fdff-fe56-4634]-9618&alias=e4011.chtc.wisc.edu&noUDP&sock=slot1_34_2643638_e028_77078>
...
040 (248907.029.000) 2023-12-10 16:55:08 Started transferring input files
	Seconds spent in queue: 2
...
040 (248907.029.000) 2023-12-10 16:55:19 Finished transferring input files
...
001 (248907.029.000) 2023-12-10 16:55:20 Job executing on host: <128.105.69.100:9618?addrs=128.105.69.100-9618+[2607-f388-2200-100-1270-fdff-fe56-4634]-9618&alias=e4011.chtc.wisc.edu&noUDP&sock=startd_3796853_ed83>
	SlotName: slot1_34@e4011.chtc.wisc.edu
	CondorScratchDir = "/var/lib/condor/execute/slot1/dir_3117519"
	Cpus = 1
	Disk = 2416395
	IoHeavy = 0
	Memory = 1024
...
006 (248907.029.000) 2023-12-10 16:55:28 Image size of job updated: 854584
	835  -  MemoryUsage of job (MB)
	854584  -  ResidentSetSize of job (KB)
...
006 (248907.029.000) 2023-12-10 16:55:30 Image size of job updated: 893448
	869  -  MemoryUsage of job (MB)
	889740  -  ResidentSetSize of job (KB)
...
040 (248907.029.000) 2023-12-10 16:55:30 Started transferring output files
	Seconds spent in queue: 24
...
040 (248907.029.000) 2023-12-10 16:55:30 Finished transferring output files
...
005 (248907.029.000) 2023-12-10 16:55:30 Job terminated.
	(1) Normal termination (return value 0)
		Usr 0 00:00:06, Sys 0 00:00:02  -  Run Remote Usage
		Usr 0 00:00:00, Sys 0 00:00:00  -  Run Local Usage
		Usr 0 00:00:06, Sys 0 00:00:02  -  Total Remote Usage
		Usr 0 00:00:00, Sys 0 00:00:00  -  Total Local Usage
	43728  -  Run Bytes Sent By Job
	120733240  -  Run Bytes Received By Job
	43728  -  Total Bytes Sent By Job
	120733240  -  Total Bytes Received By Job
	Partitionable Resources :    Usage  Request Allocated 
	   Cpus                 :        0        1         1 
	   Disk (KB)            :   826663  1048576   2416395 
	   IoHeavy              :                           0 
	   Memory (MB)          :      869     1024      1024 

	Job terminated of its own accord at 2023-12-10T22:55:30Z with exit-code 0.
...
