000 (248907.028.000) 2023-12-10 16:54:16 Job submitted from host: <128.104.100.148:9618?addrs=128.104.100.148-9618+[2607-f388-107c-501-216-3eff-feb2-bc11]-9618&alias=learn.chtc.wisc.edu&noUDP&sock=schedd_1351356_64bc>
...
040 (248907.028.000) 2023-12-10 16:55:06 Entered queue to transfer input files
	Transferring to host: <128.105.69.204:9618?addrs=128.105.69.204-9618+[2607-f388-2200-100-1270-fdff-fe56-b85c]-9618&alias=e4035.chtc.wisc.edu&noUDP&sock=slot1_31_2039460_d16f_76701>
...
040 (248907.028.000) 2023-12-10 16:55:07 Started transferring input files
	Seconds spent in queue: 1
...
040 (248907.028.000) 2023-12-10 16:55:17 Finished transferring input files
...
001 (248907.028.000) 2023-12-10 16:55:18 Job executing on host: <128.105.69.204:9618?addrs=128.105.69.204-9618+[2607-f388-2200-100-1270-fdff-fe56-b85c]-9618&alias=e4035.chtc.wisc.edu&noUDP&sock=startd_1545918_be16>
	SlotName: slot1_31@e4035.chtc.wisc.edu
	CondorScratchDir = "/var/lib/condor/execute/slot1/dir_1995141"
	Cpus = 1
	Disk = 2416395
	IoHeavy = 0
	Memory = 1024
...
006 (248907.028.000) 2023-12-10 16:55:27 Image size of job updated: 826900
	808  -  MemoryUsage of job (MB)
	826896  -  ResidentSetSize of job (KB)
...
006 (248907.028.000) 2023-12-10 17:00:28 Image size of job updated: 894820
	838  -  MemoryUsage of job (MB)
	858104  -  ResidentSetSize of job (KB)
...
040 (248907.028.000) 2023-12-10 17:05:26 Started transferring output files
	Seconds spent in queue: 620
...
040 (248907.028.000) 2023-12-10 17:05:26 Finished transferring output files
...
005 (248907.028.000) 2023-12-10 17:05:26 Job terminated.
	(1) Normal termination (return value 0)
		Usr 0 00:02:29, Sys 0 00:00:12  -  Run Remote Usage
		Usr 0 00:00:00, Sys 0 00:00:00  -  Run Local Usage
		Usr 0 00:02:29, Sys 0 00:00:12  -  Total Remote Usage
		Usr 0 00:00:00, Sys 0 00:00:00  -  Total Local Usage
	53562  -  Run Bytes Sent By Job
	120933376  -  Run Bytes Received By Job
	53562  -  Total Bytes Sent By Job
	120933376  -  Total Bytes Received By Job
	Partitionable Resources :     Usage  Request Allocated 
	   Cpus                 :      0.24        1         1 
	   Disk (KB)            : 826868     1048576   2416395 
	   IoHeavy              :                            0 
	   Memory (MB)          :    838        1024      1024 

	Job terminated of its own accord at 2023-12-10T23:05:26Z with exit-code 0.
...
