000 (248907.018.000) 2023-12-10 16:54:16 Job submitted from host: <128.104.100.148:9618?addrs=128.104.100.148-9618+[2607-f388-107c-501-216-3eff-feb2-bc11]-9618&alias=learn.chtc.wisc.edu&noUDP&sock=schedd_1351356_64bc>
...
040 (248907.018.000) 2023-12-10 16:55:05 Started transferring input files
	Transferring to host: <128.105.69.155:9618?addrs=128.105.69.155-9618+[2607-f388-2200-100-1270-fdff-fe56-476c]-9618&alias=e4088.chtc.wisc.edu&noUDP&sock=slot1_228_3463475_3542_2284>
...
040 (248907.018.000) 2023-12-10 16:55:16 Finished transferring input files
...
001 (248907.018.000) 2023-12-10 16:55:17 Job executing on host: <128.105.69.155:9618?addrs=128.105.69.155-9618+[2607-f388-2200-100-1270-fdff-fe56-476c]-9618&alias=e4088.chtc.wisc.edu&noUDP&sock=startd_1982933_aee5>
	SlotName: slot1_228@e4088.chtc.wisc.edu
	CondorScratchDir = "/var/lib/condor/execute/slot1/dir_3771299"
	Cpus = 1
	Disk = 2416395
	IoHeavy = 0
	Memory = 1024
...
006 (248907.018.000) 2023-12-10 16:55:26 Image size of job updated: 501968
	491  -  MemoryUsage of job (MB)
	501968  -  ResidentSetSize of job (KB)
...
006 (248907.018.000) 2023-12-10 17:00:27 Image size of job updated: 593492
	554  -  MemoryUsage of job (MB)
	566852  -  ResidentSetSize of job (KB)
...
040 (248907.018.000) 2023-12-10 17:03:20 Started transferring output files
...
040 (248907.018.000) 2023-12-10 17:03:20 Finished transferring output files
...
005 (248907.018.000) 2023-12-10 17:03:21 Job terminated.
	(1) Normal termination (return value 0)
		Usr 0 00:02:09, Sys 0 00:00:08  -  Run Remote Usage
		Usr 0 00:00:00, Sys 0 00:00:00  -  Run Local Usage
		Usr 0 00:02:09, Sys 0 00:00:08  -  Total Remote Usage
		Usr 0 00:00:00, Sys 0 00:00:00  -  Total Local Usage
	62518  -  Run Bytes Sent By Job
	120821848  -  Run Bytes Received By Job
	62518  -  Total Bytes Sent By Job
	120821848  -  Total Bytes Received By Job
	Partitionable Resources :     Usage  Request Allocated 
	   Cpus                 :      0.28        1         1 
	   Disk (KB)            : 826767     1048576   2416395 
	   IoHeavy              :                            0 
	   Memory (MB)          :    554        1024      1024 

	Job terminated of its own accord at 2023-12-10T23:03:20Z with exit-code 0.
...
