000 (248907.015.000) 2023-12-10 16:54:16 Job submitted from host: <128.104.100.148:9618?addrs=128.104.100.148-9618+[2607-f388-107c-501-216-3eff-feb2-bc11]-9618&alias=learn.chtc.wisc.edu&noUDP&sock=schedd_1351356_64bc>
...
040 (248907.015.000) 2023-12-10 16:54:59 Started transferring input files
	Transferring to host: <128.105.69.194:9618?addrs=128.105.69.194-9618+[2607-f388-2200-100-1270-fdff-fe56-c444]-9618&alias=e4047.chtc.wisc.edu&noUDP&sock=slot1_179_1208399_298c_113000>
...
040 (248907.015.000) 2023-12-10 16:55:12 Finished transferring input files
...
001 (248907.015.000) 2023-12-10 16:55:13 Job executing on host: <128.105.69.194:9618?addrs=128.105.69.194-9618+[2607-f388-2200-100-1270-fdff-fe56-c444]-9618&alias=e4047.chtc.wisc.edu&noUDP&sock=startd_1894706_4cb2>
	SlotName: slot1_179@e4047.chtc.wisc.edu
	CondorScratchDir = "/var/lib/condor/execute/slot1/dir_513692"
	Cpus = 1
	Disk = 2416395
	IoHeavy = 0
	Memory = 1024
...
006 (248907.015.000) 2023-12-10 16:55:22 Image size of job updated: 825904
	807  -  MemoryUsage of job (MB)
	825364  -  ResidentSetSize of job (KB)
...
006 (248907.015.000) 2023-12-10 16:55:28 Image size of job updated: 893760
	807  -  MemoryUsage of job (MB)
	825620  -  ResidentSetSize of job (KB)
...
040 (248907.015.000) 2023-12-10 16:55:28 Started transferring output files
...
040 (248907.015.000) 2023-12-10 16:55:28 Finished transferring output files
...
005 (248907.015.000) 2023-12-10 16:55:28 Job terminated.
	(1) Normal termination (return value 0)
		Usr 0 00:00:10, Sys 0 00:00:02  -  Run Remote Usage
		Usr 0 00:00:00, Sys 0 00:00:00  -  Run Local Usage
		Usr 0 00:00:10, Sys 0 00:00:02  -  Total Remote Usage
		Usr 0 00:00:00, Sys 0 00:00:00  -  Total Local Usage
	42915  -  Run Bytes Sent By Job
	120839984  -  Run Bytes Received By Job
	42915  -  Total Bytes Sent By Job
	120839984  -  Total Bytes Received By Job
	Partitionable Resources :    Usage  Request Allocated 
	   Cpus                 :        0        1         1 
	   Disk (KB)            :   826766  1048576   2416395 
	   IoHeavy              :                           0 
	   Memory (MB)          :      807     1024      1024 

	Job terminated of its own accord at 2023-12-10T22:55:28Z with exit-code 0.
...
