000 (248907.012.000) 2023-12-10 16:54:16 Job submitted from host: <128.104.100.148:9618?addrs=128.104.100.148-9618+[2607-f388-107c-501-216-3eff-feb2-bc11]-9618&alias=learn.chtc.wisc.edu&noUDP&sock=schedd_1351356_64bc>
...
040 (248907.012.000) 2023-12-10 16:54:59 Started transferring input files
	Transferring to host: <128.105.69.138:9618?addrs=128.105.69.138-9618+[2607-f388-2200-100-1270-fdff-fe56-ca54]-9618&alias=e4015.chtc.wisc.edu&noUDP&sock=slot1_165_4172527_7c64_4350>
...
040 (248907.012.000) 2023-12-10 16:55:10 Finished transferring input files
...
001 (248907.012.000) 2023-12-10 16:55:11 Job executing on host: <128.105.69.138:9618?addrs=128.105.69.138-9618+[2607-f388-2200-100-1270-fdff-fe56-ca54]-9618&alias=e4015.chtc.wisc.edu&noUDP&sock=startd_2241834_3c16>
	SlotName: slot1_165@e4015.chtc.wisc.edu
	CondorScratchDir = "/var/lib/condor/execute/slot1/dir_2788066"
	Cpus = 1
	Disk = 2416395
	IoHeavy = 0
	Memory = 1024
...
006 (248907.012.000) 2023-12-10 16:55:19 Image size of job updated: 822340
	804  -  MemoryUsage of job (MB)
	822280  -  ResidentSetSize of job (KB)
...
006 (248907.012.000) 2023-12-10 17:00:20 Image size of job updated: 890204
	838  -  MemoryUsage of job (MB)
	857848  -  ResidentSetSize of job (KB)
...
006 (248907.012.000) 2023-12-10 17:05:20 Image size of job updated: 890204
	838  -  MemoryUsage of job (MB)
	858108  -  ResidentSetSize of job (KB)
...
040 (248907.012.000) 2023-12-10 17:09:35 Started transferring output files
...
040 (248907.012.000) 2023-12-10 17:09:35 Finished transferring output files
...
005 (248907.012.000) 2023-12-10 17:09:35 Job terminated.
	(1) Normal termination (return value 0)
		Usr 0 00:03:47, Sys 0 00:00:15  -  Run Remote Usage
		Usr 0 00:00:00, Sys 0 00:00:00  -  Run Local Usage
		Usr 0 00:03:47, Sys 0 00:00:15  -  Total Remote Usage
		Usr 0 00:00:00, Sys 0 00:00:00  -  Total Local Usage
	115606  -  Run Bytes Sent By Job
	120938920  -  Run Bytes Received By Job
	115606  -  Total Bytes Sent By Job
	120938920  -  Total Bytes Received By Job
	Partitionable Resources :     Usage  Request Allocated 
	   Cpus                 :      0.25        1         1 
	   Disk (KB)            : 826934     1048576   2416395 
	   IoHeavy              :                            0 
	   Memory (MB)          :    838        1024      1024 

	Job terminated of its own accord at 2023-12-10T23:09:35Z with exit-code 0.
...
