000 (248907.024.000) 2023-12-10 16:54:16 Job submitted from host: <128.104.100.148:9618?addrs=128.104.100.148-9618+[2607-f388-107c-501-216-3eff-feb2-bc11]-9618&alias=learn.chtc.wisc.edu&noUDP&sock=schedd_1351356_64bc>
...
040 (248907.024.000) 2023-12-10 16:55:05 Entered queue to transfer input files
	Transferring to host: <128.105.69.97:9618?addrs=128.105.69.97-9618+[2607-f388-2200-100-1270-fdff-fe56-6e54]-9618&alias=e4008.chtc.wisc.edu&noUDP&sock=slot1_87_2764207_a4af_76649>
...
040 (248907.024.000) 2023-12-10 16:55:06 Started transferring input files
	Seconds spent in queue: 1
...
040 (248907.024.000) 2023-12-10 16:55:15 Finished transferring input files
...
001 (248907.024.000) 2023-12-10 16:55:16 Job executing on host: <128.105.69.97:9618?addrs=128.105.69.97-9618+[2607-f388-2200-100-1270-fdff-fe56-6e54]-9618&alias=e4008.chtc.wisc.edu&noUDP&sock=startd_3558720_7f31>
	SlotName: slot1_87@e4008.chtc.wisc.edu
	CondorScratchDir = "/var/lib/condor/execute/slot1/dir_3853956"
	Cpus = 1
	Disk = 2416395
	IoHeavy = 0
	Memory = 1024
...
006 (248907.024.000) 2023-12-10 16:55:25 Image size of job updated: 894260
	836  -  MemoryUsage of job (MB)
	855164  -  ResidentSetSize of job (KB)
...
040 (248907.024.000) 2023-12-10 16:56:49 Started transferring output files
	Seconds spent in queue: 104
...
040 (248907.024.000) 2023-12-10 16:56:49 Finished transferring output files
...
005 (248907.024.000) 2023-12-10 16:56:50 Job terminated.
	(1) Normal termination (return value 0)
		Usr 0 00:00:20, Sys 0 00:00:03  -  Run Remote Usage
		Usr 0 00:00:00, Sys 0 00:00:00  -  Run Local Usage
		Usr 0 00:00:20, Sys 0 00:00:03  -  Total Remote Usage
		Usr 0 00:00:00, Sys 0 00:00:00  -  Total Local Usage
	65047  -  Run Bytes Sent By Job
	120740840  -  Run Bytes Received By Job
	65047  -  Total Bytes Sent By Job
	120740840  -  Total Bytes Received By Job
	Partitionable Resources :     Usage  Request Allocated 
	   Cpus                 :      0.17        1         1 
	   Disk (KB)            : 826691     1048576   2416395 
	   IoHeavy              :                            0 
	   Memory (MB)          :    836        1024      1024 

	Job terminated of its own accord at 2023-12-10T22:56:49Z with exit-code 0.
...
