000 (248907.004.000) 2023-12-10 16:54:16 Job submitted from host: <128.104.100.148:9618?addrs=128.104.100.148-9618+[2607-f388-107c-501-216-3eff-feb2-bc11]-9618&alias=learn.chtc.wisc.edu&noUDP&sock=schedd_1351356_64bc>
...
040 (248907.004.000) 2023-12-10 16:54:58 Started transferring input files
	Transferring to host: <128.105.69.114:9618?addrs=128.105.69.114-9618+[2607-f388-2200-100-1270-fdff-fe56-470c]-9618&alias=e4063.chtc.wisc.edu&noUDP&sock=slot1_99_22217_a2e1_102600>
...
040 (248907.004.000) 2023-12-10 16:55:07 Finished transferring input files
...
001 (248907.004.000) 2023-12-10 16:55:08 Job executing on host: <128.105.69.114:9618?addrs=128.105.69.114-9618+[2607-f388-2200-100-1270-fdff-fe56-470c]-9618&alias=e4063.chtc.wisc.edu&noUDP&sock=startd_3712234_5504>
	SlotName: slot1_99@e4063.chtc.wisc.edu
	CondorScratchDir = "/var/lib/condor/execute/slot1/dir_4063002"
	Cpus = 1
	Disk = 2416395
	IoHeavy = 0
	Memory = 1024
...
006 (248907.004.000) 2023-12-10 16:55:16 Image size of job updated: 826396
	808  -  MemoryUsage of job (MB)
	826396  -  ResidentSetSize of job (KB)
...
006 (248907.004.000) 2023-12-10 16:55:57 Image size of job updated: 892568
	808  -  MemoryUsage of job (MB)
	826396  -  ResidentSetSize of job (KB)
...
040 (248907.004.000) 2023-12-10 16:55:57 Started transferring output files
...
040 (248907.004.000) 2023-12-10 16:55:57 Finished transferring output files
...
005 (248907.004.000) 2023-12-10 16:55:57 Job terminated.
	(1) Normal termination (return value 0)
		Usr 0 00:00:16, Sys 0 00:00:02  -  Run Remote Usage
		Usr 0 00:00:00, Sys 0 00:00:00  -  Run Local Usage
		Usr 0 00:00:16, Sys 0 00:00:02  -  Total Remote Usage
		Usr 0 00:00:00, Sys 0 00:00:00  -  Total Local Usage
	54558  -  Run Bytes Sent By Job
	120719440  -  Run Bytes Received By Job
	54558  -  Total Bytes Sent By Job
	120719440  -  Total Bytes Received By Job
	Partitionable Resources :    Usage  Request Allocated 
	   Cpus                 :                 1         1 
	   Disk (KB)            :   826651  1048576   2416395 
	   IoHeavy              :                           0 
	   Memory (MB)          :      808     1024      1024 

	Job terminated of its own accord at 2023-12-10T22:55:57Z with exit-code 0.
...
