000 (248907.040.000) 2023-12-10 16:54:16 Job submitted from host: <128.104.100.148:9618?addrs=128.104.100.148-9618+[2607-f388-107c-501-216-3eff-feb2-bc11]-9618&alias=learn.chtc.wisc.edu&noUDP&sock=schedd_1351356_64bc>
...
040 (248907.040.000) 2023-12-10 16:55:07 Entered queue to transfer input files
	Transferring to host: <128.105.69.115:9618?addrs=128.105.69.115-9618+[2607-f388-2200-100-1270-fdff-fe56-ced4]-9618&alias=e4064.chtc.wisc.edu&noUDP&sock=slot1_73_3456444_3b84_1684>
...
040 (248907.040.000) 2023-12-10 16:55:12 Started transferring input files
	Seconds spent in queue: 5
...
040 (248907.040.000) 2023-12-10 16:55:19 Finished transferring input files
...
001 (248907.040.000) 2023-12-10 16:55:20 Job executing on host: <128.105.69.115:9618?addrs=128.105.69.115-9618+[2607-f388-2200-100-1270-fdff-fe56-ced4]-9618&alias=e4064.chtc.wisc.edu&noUDP&sock=startd_1144360_5acd>
	SlotName: slot1_73@e4064.chtc.wisc.edu
	CondorScratchDir = "/var/lib/condor/execute/slot1/dir_816184"
	Cpus = 1
	Disk = 2416395
	IoHeavy = 0
	Memory = 1024
...
006 (248907.040.000) 2023-12-10 16:55:29 Image size of job updated: 766372
	749  -  MemoryUsage of job (MB)
	766372  -  ResidentSetSize of job (KB)
...
006 (248907.040.000) 2023-12-10 17:00:30 Image size of job updated: 897140
	836  -  MemoryUsage of job (MB)
	855800  -  ResidentSetSize of job (KB)
...
040 (248907.040.000) 2023-12-10 17:06:40 Started transferring output files
	Seconds spent in queue: 693
...
040 (248907.040.000) 2023-12-10 17:06:40 Finished transferring output files
...
005 (248907.040.000) 2023-12-10 17:06:40 Job terminated.
	(1) Normal termination (return value 0)
		Usr 0 00:02:02, Sys 0 00:00:11  -  Run Remote Usage
		Usr 0 00:00:00, Sys 0 00:00:00  -  Run Local Usage
		Usr 0 00:02:02, Sys 0 00:00:11  -  Total Remote Usage
		Usr 0 00:00:00, Sys 0 00:00:00  -  Total Local Usage
	200510  -  Run Bytes Sent By Job
	120930064  -  Run Bytes Received By Job
	200510  -  Total Bytes Sent By Job
	120930064  -  Total Bytes Received By Job
	Partitionable Resources :     Usage  Request Allocated 
	   Cpus                 :      0.19        1         1 
	   Disk (KB)            : 827008     1048576   2416395 
	   IoHeavy              :                            0 
	   Memory (MB)          :    836        1024      1024 

	Job terminated of its own accord at 2023-12-10T23:06:39Z with exit-code 0.
...
