000 (248907.033.000) 2023-12-10 16:54:16 Job submitted from host: <128.104.100.148:9618?addrs=128.104.100.148-9618+[2607-f388-107c-501-216-3eff-feb2-bc11]-9618&alias=learn.chtc.wisc.edu&noUDP&sock=schedd_1351356_64bc>
...
040 (248907.033.000) 2023-12-10 16:55:07 Entered queue to transfer input files
	Transferring to host: <128.105.69.156:9618?addrs=128.105.69.156-9618+[2607-f388-2200-100-1270-fdff-fe56-45ec]-9618&alias=e4089.chtc.wisc.edu&noUDP&sock=slot1_57_3410401_c614_76155>
...
040 (248907.033.000) 2023-12-10 16:55:08 Started transferring input files
	Seconds spent in queue: 1
...
040 (248907.033.000) 2023-12-10 16:55:18 Finished transferring input files
...
001 (248907.033.000) 2023-12-10 16:55:19 Job executing on host: <128.105.69.156:9618?addrs=128.105.69.156-9618+[2607-f388-2200-100-1270-fdff-fe56-45ec]-9618&alias=e4089.chtc.wisc.edu&noUDP&sock=startd_2185495_5de6>
	SlotName: slot1_57@e4089.chtc.wisc.edu
	CondorScratchDir = "/var/lib/condor/execute/slot1/dir_3416354"
	Cpus = 1
	Disk = 2416395
	IoHeavy = 0
	Memory = 1024
...
006 (248907.033.000) 2023-12-10 16:55:27 Image size of job updated: 777280
	760  -  MemoryUsage of job (MB)
	777280  -  ResidentSetSize of job (KB)
...
006 (248907.033.000) 2023-12-10 16:55:36 Image size of job updated: 898912
	764  -  MemoryUsage of job (MB)
	782144  -  ResidentSetSize of job (KB)
...
040 (248907.033.000) 2023-12-10 16:55:36 Started transferring output files
	Seconds spent in queue: 29
...
040 (248907.033.000) 2023-12-10 16:55:36 Finished transferring output files
...
005 (248907.033.000) 2023-12-10 16:55:36 Job terminated.
	(1) Normal termination (return value 0)
		Usr 0 00:00:12, Sys 0 00:00:03  -  Run Remote Usage
		Usr 0 00:00:00, Sys 0 00:00:00  -  Run Local Usage
		Usr 0 00:00:12, Sys 0 00:00:03  -  Total Remote Usage
		Usr 0 00:00:00, Sys 0 00:00:00  -  Total Local Usage
	43977  -  Run Bytes Sent By Job
	120732512  -  Run Bytes Received By Job
	43977  -  Total Bytes Sent By Job
	120732512  -  Total Bytes Received By Job
	Partitionable Resources :     Usage  Request Allocated 
	   Cpus                 :      0.06        1         1 
	   Disk (KB)            : 826662     1048576   2416395 
	   IoHeavy              :                            0 
	   Memory (MB)          :    764        1024      1024 

	Job terminated of its own accord at 2023-12-10T22:55:36Z with exit-code 0.
...
