000 (248907.039.000) 2023-12-10 16:54:16 Job submitted from host: <128.104.100.148:9618?addrs=128.104.100.148-9618+[2607-f388-107c-501-216-3eff-feb2-bc11]-9618&alias=learn.chtc.wisc.edu&noUDP&sock=schedd_1351356_64bc>
...
040 (248907.039.000) 2023-12-10 16:55:07 Entered queue to transfer input files
	Transferring to host: <128.105.69.155:9618?addrs=128.105.69.155-9618+[2607-f388-2200-100-1270-fdff-fe56-476c]-9618&alias=e4088.chtc.wisc.edu&noUDP&sock=slot1_231_3463475_3542_2287>
...
040 (248907.039.000) 2023-12-10 16:55:12 Started transferring input files
	Seconds spent in queue: 5
...
040 (248907.039.000) 2023-12-10 16:55:21 Finished transferring input files
...
001 (248907.039.000) 2023-12-10 16:55:22 Job executing on host: <128.105.69.155:9618?addrs=128.105.69.155-9618+[2607-f388-2200-100-1270-fdff-fe56-476c]-9618&alias=e4088.chtc.wisc.edu&noUDP&sock=startd_1982933_aee5>
	SlotName: slot1_231@e4088.chtc.wisc.edu
	CondorScratchDir = "/var/lib/condor/execute/slot1/dir_3771314"
	Cpus = 1
	Disk = 2416395
	IoHeavy = 0
	Memory = 1024
...
006 (248907.039.000) 2023-12-10 16:55:30 Image size of job updated: 502464
	491  -  MemoryUsage of job (MB)
	502464  -  ResidentSetSize of job (KB)
...
006 (248907.039.000) 2023-12-10 17:00:31 Image size of job updated: 593240
	545  -  MemoryUsage of job (MB)
	557672  -  ResidentSetSize of job (KB)
...
006 (248907.039.000) 2023-12-10 17:05:32 Image size of job updated: 593240
	546  -  MemoryUsage of job (MB)
	558988  -  ResidentSetSize of job (KB)
...
040 (248907.039.000) 2023-12-10 17:14:42 Started transferring output files
	Seconds spent in queue: 1175
...
040 (248907.039.000) 2023-12-10 17:14:42 Finished transferring output files
...
005 (248907.039.000) 2023-12-10 17:14:42 Job terminated.
	(1) Normal termination (return value 0)
		Usr 0 00:06:32, Sys 0 00:00:23  -  Run Remote Usage
		Usr 0 00:00:00, Sys 0 00:00:00  -  Run Local Usage
		Usr 0 00:06:32, Sys 0 00:00:23  -  Total Remote Usage
		Usr 0 00:00:00, Sys 0 00:00:00  -  Total Local Usage
	86437  -  Run Bytes Sent By Job
	120934360  -  Run Bytes Received By Job
	86437  -  Total Bytes Sent By Job
	120934360  -  Total Bytes Received By Job
	Partitionable Resources :     Usage  Request Allocated 
	   Cpus                 :      0.47        1         1 
	   Disk (KB)            : 826901     1048576   2416395 
	   IoHeavy              :                            0 
	   Memory (MB)          :    546        1024      1024 

	Job terminated of its own accord at 2023-12-10T23:14:41Z with exit-code 0.
...
