000 (248907.034.000) 2023-12-10 16:54:16 Job submitted from host: <128.104.100.148:9618?addrs=128.104.100.148-9618+[2607-f388-107c-501-216-3eff-feb2-bc11]-9618&alias=learn.chtc.wisc.edu&noUDP&sock=schedd_1351356_64bc>
...
040 (248907.034.000) 2023-12-10 16:55:07 Entered queue to transfer input files
	Transferring to host: <128.105.69.210:9618?addrs=128.105.69.210-9618+[2607-f388-2200-100-eaeb-d3ff-fe40-88c]-9618&alias=e2593.chtc.wisc.edu&noUDP&sock=slot1_37_2792974_98e0_4126>
...
040 (248907.034.000) 2023-12-10 16:55:10 Started transferring input files
	Seconds spent in queue: 3
...
040 (248907.034.000) 2023-12-10 16:55:17 Finished transferring input files
...
001 (248907.034.000) 2023-12-10 16:55:18 Job executing on host: <128.105.69.210:9618?addrs=128.105.69.210-9618+[2607-f388-2200-100-eaeb-d3ff-fe40-88c]-9618&alias=e2593.chtc.wisc.edu&noUDP&sock=startd_12564_6ffc>
	SlotName: slot1_37@e2593.chtc.wisc.edu
	CondorScratchDir = "/var/lib/condor/execute/slot1/dir_368295"
	Cpus = 1
	Disk = 2917996
	IoHeavy = 0
	Memory = 1024
...
006 (248907.034.000) 2023-12-10 16:55:27 Image size of job updated: 851688
	832  -  MemoryUsage of job (MB)
	851688  -  ResidentSetSize of job (KB)
...
006 (248907.034.000) 2023-12-10 16:55:29 Image size of job updated: 891828
	853  -  MemoryUsage of job (MB)
	872508  -  ResidentSetSize of job (KB)
...
040 (248907.034.000) 2023-12-10 16:55:30 Started transferring output files
	Seconds spent in queue: 23
...
040 (248907.034.000) 2023-12-10 16:55:30 Finished transferring output files
...
005 (248907.034.000) 2023-12-10 16:55:30 Job terminated.
	(1) Normal termination (return value 0)
		Usr 0 00:00:08, Sys 0 00:00:01  -  Run Remote Usage
		Usr 0 00:00:00, Sys 0 00:00:00  -  Run Local Usage
		Usr 0 00:00:08, Sys 0 00:00:01  -  Total Remote Usage
		Usr 0 00:00:00, Sys 0 00:00:00  -  Total Local Usage
	42556  -  Run Bytes Sent By Job
	120742544  -  Run Bytes Received By Job
	42556  -  Total Bytes Sent By Job
	120742544  -  Total Bytes Received By Job
	Partitionable Resources :    Usage  Request Allocated 
	   Cpus                 :        0        1         1 
	   Disk (KB)            :   826670  1048576   2917996 
	   IoHeavy              :                           0 
	   Memory (MB)          :      853     1024      1024 

	Job terminated of its own accord at 2023-12-10T22:55:29Z with exit-code 0.
...
