000 (248907.036.000) 2023-12-10 16:54:16 Job submitted from host: <128.104.100.148:9618?addrs=128.104.100.148-9618+[2607-f388-107c-501-216-3eff-feb2-bc11]-9618&alias=learn.chtc.wisc.edu&noUDP&sock=schedd_1351356_64bc>
...
040 (248907.036.000) 2023-12-10 16:55:07 Entered queue to transfer input files
	Transferring to host: <128.105.69.108:9618?addrs=128.105.69.108-9618+[2607-f388-2200-100-1270-fdff-fe56-3214]-9618&alias=e4057.chtc.wisc.edu&noUDP&sock=slot1_82_3495073_db87_79320>
...
040 (248907.036.000) 2023-12-10 16:55:11 Started transferring input files
	Seconds spent in queue: 4
...
040 (248907.036.000) 2023-12-10 16:55:19 Finished transferring input files
...
001 (248907.036.000) 2023-12-10 16:55:20 Job executing on host: <128.105.69.108:9618?addrs=128.105.69.108-9618+[2607-f388-2200-100-1270-fdff-fe56-3214]-9618&alias=e4057.chtc.wisc.edu&noUDP&sock=startd_738476_b0d0>
	SlotName: slot1_82@e4057.chtc.wisc.edu
	CondorScratchDir = "/var/lib/condor/execute/slot1/dir_2612985"
	Cpus = 1
	Disk = 2416395
	IoHeavy = 0
	Memory = 1024
...
006 (248907.036.000) 2023-12-10 16:55:29 Image size of job updated: 893120
	724  -  MemoryUsage of job (MB)
	740676  -  ResidentSetSize of job (KB)
...
040 (248907.036.000) 2023-12-10 16:55:30 Started transferring output files
	Seconds spent in queue: 23
...
040 (248907.036.000) 2023-12-10 16:55:30 Finished transferring output files
...
005 (248907.036.000) 2023-12-10 16:55:30 Job terminated.
	(1) Normal termination (return value 0)
		Usr 0 00:00:06, Sys 0 00:00:01  -  Run Remote Usage
		Usr 0 00:00:00, Sys 0 00:00:00  -  Run Local Usage
		Usr 0 00:00:06, Sys 0 00:00:01  -  Total Remote Usage
		Usr 0 00:00:00, Sys 0 00:00:00  -  Total Local Usage
	43151  -  Run Bytes Sent By Job
	120730200  -  Run Bytes Received By Job
	43151  -  Total Bytes Sent By Job
	120730200  -  Total Bytes Received By Job
	Partitionable Resources :    Usage  Request Allocated 
	   Cpus                 :        0        1         1 
	   Disk (KB)            :   826659  1048576   2416395 
	   IoHeavy              :                           0 
	   Memory (MB)          :      724     1024      1024 

	Job terminated of its own accord at 2023-12-10T22:55:29Z with exit-code 0.
...
