000 (248907.047.000) 2023-12-10 16:54:16 Job submitted from host: <128.104.100.148:9618?addrs=128.104.100.148-9618+[2607-f388-107c-501-216-3eff-feb2-bc11]-9618&alias=learn.chtc.wisc.edu&noUDP&sock=schedd_1351356_64bc>
...
040 (248907.047.000) 2023-12-10 16:55:08 Entered queue to transfer input files
	Transferring to host: <128.105.69.156:9618?addrs=128.105.69.156-9618+[2607-f388-2200-100-1270-fdff-fe56-45ec]-9618&alias=e4089.chtc.wisc.edu&noUDP&sock=slot1_82_3410401_c614_76156>
...
040 (248907.047.000) 2023-12-10 16:55:14 Started transferring input files
	Seconds spent in queue: 6
...
040 (248907.047.000) 2023-12-10 16:55:21 Finished transferring input files
...
001 (248907.047.000) 2023-12-10 16:55:22 Job executing on host: <128.105.69.156:9618?addrs=128.105.69.156-9618+[2607-f388-2200-100-1270-fdff-fe56-45ec]-9618&alias=e4089.chtc.wisc.edu&noUDP&sock=startd_2185495_5de6>
	SlotName: slot1_82@e4089.chtc.wisc.edu
	CondorScratchDir = "/var/lib/condor/execute/slot1/dir_3416356"
	Cpus = 1
	Disk = 2416395
	IoHeavy = 0
	Memory = 1024
...
006 (248907.047.000) 2023-12-10 16:55:30 Image size of job updated: 738968
	722  -  MemoryUsage of job (MB)
	738880  -  ResidentSetSize of job (KB)
...
006 (248907.047.000) 2023-12-10 17:00:31 Image size of job updated: 894800
	833  -  MemoryUsage of job (MB)
	852560  -  ResidentSetSize of job (KB)
...
040 (248907.047.000) 2023-12-10 17:04:29 Started transferring output files
	Seconds spent in queue: 561
...
040 (248907.047.000) 2023-12-10 17:04:29 Finished transferring output files
...
005 (248907.047.000) 2023-12-10 17:04:29 Job terminated.
	(1) Normal termination (return value 0)
		Usr 0 00:01:42, Sys 0 00:00:10  -  Run Remote Usage
		Usr 0 00:00:00, Sys 0 00:00:00  -  Run Local Usage
		Usr 0 00:01:42, Sys 0 00:00:10  -  Total Remote Usage
		Usr 0 00:00:00, Sys 0 00:00:00  -  Total Local Usage
	76962  -  Run Bytes Sent By Job
	120871312  -  Run Bytes Received By Job
	76962  -  Total Bytes Sent By Job
	120871312  -  Total Bytes Received By Job
	Partitionable Resources :     Usage  Request Allocated 
	   Cpus                 :      0.27        1         1 
	   Disk (KB)            : 826830     1048576   2416395 
	   IoHeavy              :                            0 
	   Memory (MB)          :    833        1024      1024 

	Job terminated of its own accord at 2023-12-10T23:04:29Z with exit-code 0.
...
