000 (248907.035.000) 2023-12-10 16:54:16 Job submitted from host: <128.104.100.148:9618?addrs=128.104.100.148-9618+[2607-f388-107c-501-216-3eff-feb2-bc11]-9618&alias=learn.chtc.wisc.edu&noUDP&sock=schedd_1351356_64bc>
...
040 (248907.035.000) 2023-12-10 16:55:07 Entered queue to transfer input files
	Transferring to host: <128.105.69.118:9618?addrs=128.105.69.118-9618+[2607-f388-2200-100-1270-fdff-fe56-ccac]-9618&alias=e4067.chtc.wisc.edu&noUDP&sock=slot1_11_2106227_35aa_100730>
...
040 (248907.035.000) 2023-12-10 16:55:10 Started transferring input files
	Seconds spent in queue: 3
...
040 (248907.035.000) 2023-12-10 16:55:17 Finished transferring input files
...
001 (248907.035.000) 2023-12-10 16:55:18 Job executing on host: <128.105.69.118:9618?addrs=128.105.69.118-9618+[2607-f388-2200-100-1270-fdff-fe56-ccac]-9618&alias=e4067.chtc.wisc.edu&noUDP&sock=startd_834458_5bf6>
	SlotName: slot1_11@e4067.chtc.wisc.edu
	CondorScratchDir = "/var/lib/condor/execute/slot1/dir_4046089"
	Cpus = 1
	Disk = 2416395
	IoHeavy = 0
	Memory = 1024
...
006 (248907.035.000) 2023-12-10 16:55:27 Image size of job updated: 893884
	838  -  MemoryUsage of job (MB)
	857832  -  ResidentSetSize of job (KB)
...
040 (248907.035.000) 2023-12-10 16:55:28 Started transferring output files
	Seconds spent in queue: 21
...
040 (248907.035.000) 2023-12-10 16:55:28 Finished transferring output files
...
005 (248907.035.000) 2023-12-10 16:55:28 Job terminated.
	(1) Normal termination (return value 0)
		Usr 0 00:00:06, Sys 0 00:00:01  -  Run Remote Usage
		Usr 0 00:00:00, Sys 0 00:00:00  -  Run Local Usage
		Usr 0 00:00:06, Sys 0 00:00:01  -  Total Remote Usage
		Usr 0 00:00:00, Sys 0 00:00:00  -  Total Local Usage
	42840  -  Run Bytes Sent By Job
	120813296  -  Run Bytes Received By Job
	42840  -  Total Bytes Sent By Job
	120813296  -  Total Bytes Received By Job
	Partitionable Resources :    Usage  Request Allocated 
	   Cpus                 :        0        1         1 
	   Disk (KB)            :   826740  1048576   2416395 
	   IoHeavy              :                           0 
	   Memory (MB)          :      838     1024      1024 

	Job terminated of its own accord at 2023-12-10T22:55:28Z with exit-code 0.
...
