000 (248907.046.000) 2023-12-10 16:54:16 Job submitted from host: <128.104.100.148:9618?addrs=128.104.100.148-9618+[2607-f388-107c-501-216-3eff-feb2-bc11]-9618&alias=learn.chtc.wisc.edu&noUDP&sock=schedd_1351356_64bc>
...
040 (248907.046.000) 2023-12-10 16:55:08 Entered queue to transfer input files
	Transferring to host: <128.105.69.132:9618?addrs=128.105.69.132-9618+[2607-f388-2200-100-1270-fdff-fe56-673c]-9618&alias=e4081.chtc.wisc.edu&noUDP&sock=slot1_143_1302563_3801_78036>
...
040 (248907.046.000) 2023-12-10 16:55:14 Started transferring input files
	Seconds spent in queue: 6
...
040 (248907.046.000) 2023-12-10 16:55:21 Finished transferring input files
...
001 (248907.046.000) 2023-12-10 16:55:22 Job executing on host: <128.105.69.132:9618?addrs=128.105.69.132-9618+[2607-f388-2200-100-1270-fdff-fe56-673c]-9618&alias=e4081.chtc.wisc.edu&noUDP&sock=startd_3027068_721d>
	SlotName: slot1_143@e4081.chtc.wisc.edu
	CondorScratchDir = "/var/lib/condor/execute/slot1/dir_2314910"
	Cpus = 1
	Disk = 2416395
	IoHeavy = 0
	Memory = 1024
...
006 (248907.046.000) 2023-12-10 16:55:30 Image size of job updated: 830648
	812  -  MemoryUsage of job (MB)
	830604  -  ResidentSetSize of job (KB)
...
006 (248907.046.000) 2023-12-10 16:55:36 Image size of job updated: 897620
	812  -  MemoryUsage of job (MB)
	830604  -  ResidentSetSize of job (KB)
...
040 (248907.046.000) 2023-12-10 16:55:36 Started transferring output files
	Seconds spent in queue: 28
...
040 (248907.046.000) 2023-12-10 16:55:36 Finished transferring output files
...
005 (248907.046.000) 2023-12-10 16:55:36 Job terminated.
	(1) Normal termination (return value 0)
		Usr 0 00:00:08, Sys 0 00:00:01  -  Run Remote Usage
		Usr 0 00:00:00, Sys 0 00:00:00  -  Run Local Usage
		Usr 0 00:00:08, Sys 0 00:00:01  -  Total Remote Usage
		Usr 0 00:00:00, Sys 0 00:00:00  -  Total Local Usage
	51038  -  Run Bytes Sent By Job
	120708312  -  Run Bytes Received By Job
	51038  -  Total Bytes Sent By Job
	120708312  -  Total Bytes Received By Job
	Partitionable Resources :    Usage  Request Allocated 
	   Cpus                 :        0        1         1 
	   Disk (KB)            :   826645  1048576   2416395 
	   IoHeavy              :                           0 
	   Memory (MB)          :      812     1024      1024 

	Job terminated of its own accord at 2023-12-10T22:55:36Z with exit-code 0.
...
