000 (248907.016.000) 2023-12-10 16:54:16 Job submitted from host: <128.104.100.148:9618?addrs=128.104.100.148-9618+[2607-f388-107c-501-216-3eff-feb2-bc11]-9618&alias=learn.chtc.wisc.edu&noUDP&sock=schedd_1351356_64bc>
...
040 (248907.016.000) 2023-12-10 16:54:59 Started transferring input files
	Transferring to host: <128.105.69.97:9618?addrs=128.105.69.97-9618+[2607-f388-2200-100-1270-fdff-fe56-6e54]-9618&alias=e4008.chtc.wisc.edu&noUDP&sock=slot1_85_2764207_a4af_76647>
...
040 (248907.016.000) 2023-12-10 16:55:07 Finished transferring input files
...
001 (248907.016.000) 2023-12-10 16:55:08 Job executing on host: <128.105.69.97:9618?addrs=128.105.69.97-9618+[2607-f388-2200-100-1270-fdff-fe56-6e54]-9618&alias=e4008.chtc.wisc.edu&noUDP&sock=startd_3558720_7f31>
	SlotName: slot1_85@e4008.chtc.wisc.edu
	CondorScratchDir = "/var/lib/condor/execute/slot1/dir_3853951"
	Cpus = 1
	Disk = 2416395
	IoHeavy = 0
	Memory = 1024
...
006 (248907.016.000) 2023-12-10 16:55:17 Image size of job updated: 891004
	721  -  MemoryUsage of job (MB)
	738256  -  ResidentSetSize of job (KB)
...
040 (248907.016.000) 2023-12-10 16:55:18 Started transferring output files
...
040 (248907.016.000) 2023-12-10 16:55:18 Finished transferring output files
...
005 (248907.016.000) 2023-12-10 16:55:18 Job terminated.
	(1) Normal termination (return value 0)
		Usr 0 00:00:06, Sys 0 00:00:01  -  Run Remote Usage
		Usr 0 00:00:00, Sys 0 00:00:00  -  Run Local Usage
		Usr 0 00:00:06, Sys 0 00:00:01  -  Total Remote Usage
		Usr 0 00:00:00, Sys 0 00:00:00  -  Total Local Usage
	43245  -  Run Bytes Sent By Job
	120751000  -  Run Bytes Received By Job
	43245  -  Total Bytes Sent By Job
	120751000  -  Total Bytes Received By Job
	Partitionable Resources :    Usage  Request Allocated 
	   Cpus                 :                 1         1 
	   Disk (KB)            :   826671  1048576   2416395 
	   IoHeavy              :                           0 
	   Memory (MB)          :      721     1024      1024 

	Job terminated of its own accord at 2023-12-10T22:55:17Z with exit-code 0.
...
