000 (248907.042.000) 2023-12-10 16:54:16 Job submitted from host: <128.104.100.148:9618?addrs=128.104.100.148-9618+[2607-f388-107c-501-216-3eff-feb2-bc11]-9618&alias=learn.chtc.wisc.edu&noUDP&sock=schedd_1351356_64bc>
...
040 (248907.042.000) 2023-12-10 16:55:07 Entered queue to transfer input files
	Transferring to host: <128.105.69.204:9618?addrs=128.105.69.204-9618+[2607-f388-2200-100-1270-fdff-fe56-b85c]-9618&alias=e4035.chtc.wisc.edu&noUDP&sock=slot1_169_2039460_d16f_76702>
...
040 (248907.042.000) 2023-12-10 16:55:13 Started transferring input files
	Seconds spent in queue: 6
...
040 (248907.042.000) 2023-12-10 16:55:20 Finished transferring input files
...
001 (248907.042.000) 2023-12-10 16:55:21 Job executing on host: <128.105.69.204:9618?addrs=128.105.69.204-9618+[2607-f388-2200-100-1270-fdff-fe56-b85c]-9618&alias=e4035.chtc.wisc.edu&noUDP&sock=startd_1545918_be16>
	SlotName: slot1_169@e4035.chtc.wisc.edu
	CondorScratchDir = "/var/lib/condor/execute/slot1/dir_1995149"
	Cpus = 1
	Disk = 2416395
	IoHeavy = 0
	Memory = 1024
...
006 (248907.042.000) 2023-12-10 16:55:30 Image size of job updated: 773640
	756  -  MemoryUsage of job (MB)
	773640  -  ResidentSetSize of job (KB)
...
006 (248907.042.000) 2023-12-10 17:00:31 Image size of job updated: 892352
	836  -  MemoryUsage of job (MB)
	855900  -  ResidentSetSize of job (KB)
...
006 (248907.042.000) 2023-12-10 17:05:31 Image size of job updated: 892352
	837  -  MemoryUsage of job (MB)
	856184  -  ResidentSetSize of job (KB)
...
040 (248907.042.000) 2023-12-10 17:10:06 Started transferring output files
	Seconds spent in queue: 899
...
040 (248907.042.000) 2023-12-10 17:10:06 Finished transferring output files
...
005 (248907.042.000) 2023-12-10 17:10:07 Job terminated.
	(1) Normal termination (return value 0)
		Usr 0 00:03:33, Sys 0 00:00:16  -  Run Remote Usage
		Usr 0 00:00:00, Sys 0 00:00:00  -  Run Local Usage
		Usr 0 00:03:33, Sys 0 00:00:16  -  Total Remote Usage
		Usr 0 00:00:00, Sys 0 00:00:00  -  Total Local Usage
	63027  -  Run Bytes Sent By Job
	120936776  -  Run Bytes Received By Job
	63027  -  Total Bytes Sent By Job
	120936776  -  Total Bytes Received By Job
	Partitionable Resources :     Usage  Request Allocated 
	   Cpus                 :      0.25        1         1 
	   Disk (KB)            : 826880     1048576   2416395 
	   IoHeavy              :                            0 
	   Memory (MB)          :    837        1024      1024 

	Job terminated of its own accord at 2023-12-10T23:10:06Z with exit-code 0.
...
