000 (248907.009.000) 2023-12-10 16:54:16 Job submitted from host: <128.104.100.148:9618?addrs=128.104.100.148-9618+[2607-f388-107c-501-216-3eff-feb2-bc11]-9618&alias=learn.chtc.wisc.edu&noUDP&sock=schedd_1351356_64bc>
...
040 (248907.009.000) 2023-12-10 16:54:59 Started transferring input files
	Transferring to host: <128.105.69.114:9618?addrs=128.105.69.114-9618+[2607-f388-2200-100-1270-fdff-fe56-470c]-9618&alias=e4063.chtc.wisc.edu&noUDP&sock=slot1_175_22217_a2e1_102601>
...
040 (248907.009.000) 2023-12-10 16:55:10 Finished transferring input files
...
001 (248907.009.000) 2023-12-10 16:55:11 Job executing on host: <128.105.69.114:9618?addrs=128.105.69.114-9618+[2607-f388-2200-100-1270-fdff-fe56-470c]-9618&alias=e4063.chtc.wisc.edu&noUDP&sock=startd_3712234_5504>
	SlotName: slot1_175@e4063.chtc.wisc.edu
	CondorScratchDir = "/var/lib/condor/execute/slot1/dir_4063003"
	Cpus = 1
	Disk = 2416395
	IoHeavy = 0
	Memory = 1024
...
006 (248907.009.000) 2023-12-10 16:55:20 Image size of job updated: 765140
	748  -  MemoryUsage of job (MB)
	765140  -  ResidentSetSize of job (KB)
...
006 (248907.009.000) 2023-12-10 17:00:21 Image size of job updated: 893756
	837  -  MemoryUsage of job (MB)
	856640  -  ResidentSetSize of job (KB)
...
006 (248907.009.000) 2023-12-10 17:01:14 Image size of job updated: 893756
	837  -  MemoryUsage of job (MB)
	856888  -  ResidentSetSize of job (KB)
...
040 (248907.009.000) 2023-12-10 17:01:14 Started transferring output files
...
040 (248907.009.000) 2023-12-10 17:01:14 Finished transferring output files
...
005 (248907.009.000) 2023-12-10 17:01:15 Job terminated.
	(1) Normal termination (return value 0)
		Usr 0 00:01:29, Sys 0 00:00:08  -  Run Remote Usage
		Usr 0 00:00:00, Sys 0 00:00:00  -  Run Local Usage
		Usr 0 00:01:29, Sys 0 00:00:08  -  Total Remote Usage
		Usr 0 00:00:00, Sys 0 00:00:00  -  Total Local Usage
	57172  -  Run Bytes Sent By Job
	120816520  -  Run Bytes Received By Job
	57172  -  Total Bytes Sent By Job
	120816520  -  Total Bytes Received By Job
	Partitionable Resources :     Usage  Request Allocated 
	   Cpus                 :      0.22        1         1 
	   Disk (KB)            : 826757     1048576   2416395 
	   IoHeavy              :                            0 
	   Memory (MB)          :    837        1024      1024 

	Job terminated of its own accord at 2023-12-10T23:01:14Z with exit-code 0.
...
