000 (248907.007.000) 2023-12-10 16:54:16 Job submitted from host: <128.104.100.148:9618?addrs=128.104.100.148-9618+[2607-f388-107c-501-216-3eff-feb2-bc11]-9618&alias=learn.chtc.wisc.edu&noUDP&sock=schedd_1351356_64bc>
...
040 (248907.007.000) 2023-12-10 16:54:59 Started transferring input files
	Transferring to host: <128.105.69.158:9618?addrs=128.105.69.158-9618+[2607-f388-2200-100-1270-fdff-fe56-4684]-9618&alias=e4091.chtc.wisc.edu&noUDP&sock=slot1_144_2871233_246f_112957>
...
040 (248907.007.000) 2023-12-10 16:55:08 Finished transferring input files
...
001 (248907.007.000) 2023-12-10 16:55:09 Job executing on host: <128.105.69.158:9618?addrs=128.105.69.158-9618+[2607-f388-2200-100-1270-fdff-fe56-4684]-9618&alias=e4091.chtc.wisc.edu&noUDP&sock=startd_3602617_3009>
	SlotName: slot1_144@e4091.chtc.wisc.edu
	CondorScratchDir = "/var/lib/condor/execute/slot1/dir_2419093"
	Cpus = 1
	Disk = 2416395
	IoHeavy = 0
	Memory = 1024
...
006 (248907.007.000) 2023-12-10 16:55:17 Image size of job updated: 447792
	438  -  MemoryUsage of job (MB)
	447792  -  ResidentSetSize of job (KB)
...
006 (248907.007.000) 2023-12-10 16:56:12 Image size of job updated: 591648
	444  -  MemoryUsage of job (MB)
	454016  -  ResidentSetSize of job (KB)
...
040 (248907.007.000) 2023-12-10 16:56:13 Started transferring output files
...
040 (248907.007.000) 2023-12-10 16:56:13 Finished transferring output files
...
005 (248907.007.000) 2023-12-10 16:56:13 Job terminated.
	(1) Normal termination (return value 0)
		Usr 0 00:00:14, Sys 0 00:00:02  -  Run Remote Usage
		Usr 0 00:00:00, Sys 0 00:00:00  -  Run Local Usage
		Usr 0 00:00:14, Sys 0 00:00:02  -  Total Remote Usage
		Usr 0 00:00:00, Sys 0 00:00:00  -  Total Local Usage
	61176  -  Run Bytes Sent By Job
	120728952  -  Run Bytes Received By Job
	61176  -  Total Bytes Sent By Job
	120728952  -  Total Bytes Received By Job
	Partitionable Resources :    Usage  Request Allocated 
	   Cpus                 :        0        1         1 
	   Disk (KB)            :   826675  1048576   2416395 
	   IoHeavy              :                           0 
	   Memory (MB)          :      444     1024      1024 

	Job terminated of its own accord at 2023-12-10T22:56:12Z with exit-code 0.
...
