000 (248907.045.000) 2023-12-10 16:54:16 Job submitted from host: <128.104.100.148:9618?addrs=128.104.100.148-9618+[2607-f388-107c-501-216-3eff-feb2-bc11]-9618&alias=learn.chtc.wisc.edu&noUDP&sock=schedd_1351356_64bc>
...
040 (248907.045.000) 2023-12-10 16:55:07 Entered queue to transfer input files
	Transferring to host: <128.105.69.213:9618?addrs=128.105.69.213-9618+[2607-f388-2200-100-eaeb-d3ff-fe40-894]-9618&alias=e2596.chtc.wisc.edu&noUDP&sock=slot1_150_433351_bb6f_76999>
...
040 (248907.045.000) 2023-12-10 16:55:13 Started transferring input files
	Seconds spent in queue: 6
...
040 (248907.045.000) 2023-12-10 16:55:20 Finished transferring input files
...
001 (248907.045.000) 2023-12-10 16:55:21 Job executing on host: <128.105.69.213:9618?addrs=128.105.69.213-9618+[2607-f388-2200-100-eaeb-d3ff-fe40-894]-9618&alias=e2596.chtc.wisc.edu&noUDP&sock=startd_12502_e91d>
	SlotName: slot1_150@e2596.chtc.wisc.edu
	CondorScratchDir = "/var/lib/condor/execute/slot1/dir_2604147"
	Cpus = 1
	Disk = 2917996
	IoHeavy = 0
	Memory = 1024
...
006 (248907.045.000) 2023-12-10 16:55:29 Image size of job updated: 823008
	804  -  MemoryUsage of job (MB)
	823008  -  ResidentSetSize of job (KB)
...
006 (248907.045.000) 2023-12-10 17:00:30 Image size of job updated: 891228
	831  -  MemoryUsage of job (MB)
	850324  -  ResidentSetSize of job (KB)
...
006 (248907.045.000) 2023-12-10 17:05:29 Image size of job updated: 891228
	831  -  MemoryUsage of job (MB)
	850580  -  ResidentSetSize of job (KB)
...
040 (248907.045.000) 2023-12-10 17:05:29 Started transferring output files
	Seconds spent in queue: 622
...
040 (248907.045.000) 2023-12-10 17:05:29 Finished transferring output files
...
005 (248907.045.000) 2023-12-10 17:05:30 Job terminated.
	(1) Normal termination (return value 0)
		Usr 0 00:01:34, Sys 0 00:00:09  -  Run Remote Usage
		Usr 0 00:00:00, Sys 0 00:00:00  -  Run Local Usage
		Usr 0 00:01:34, Sys 0 00:00:09  -  Total Remote Usage
		Usr 0 00:00:00, Sys 0 00:00:00  -  Total Local Usage
	168028  -  Run Bytes Sent By Job
	120920304  -  Run Bytes Received By Job
	168028  -  Total Bytes Sent By Job
	120920304  -  Total Bytes Received By Job
	Partitionable Resources :     Usage  Request Allocated 
	   Cpus                 :      0.16        1         1 
	   Disk (KB)            : 826967     1048576   2917996 
	   IoHeavy              :                            0 
	   Memory (MB)          :    831        1024      1024 

	Job terminated of its own accord at 2023-12-10T23:05:29Z with exit-code 0.
...
