000 (248907.005.000) 2023-12-10 16:54:16 Job submitted from host: <128.104.100.148:9618?addrs=128.104.100.148-9618+[2607-f388-107c-501-216-3eff-feb2-bc11]-9618&alias=learn.chtc.wisc.edu&noUDP&sock=schedd_1351356_64bc>
...
040 (248907.005.000) 2023-12-10 16:54:59 Started transferring input files
	Transferring to host: <128.105.69.194:9618?addrs=128.105.69.194-9618+[2607-f388-2200-100-1270-fdff-fe56-c444]-9618&alias=e4047.chtc.wisc.edu&noUDP&sock=slot1_91_1208399_298c_112998>
...
040 (248907.005.000) 2023-12-10 16:55:07 Finished transferring input files
...
001 (248907.005.000) 2023-12-10 16:55:08 Job executing on host: <128.105.69.194:9618?addrs=128.105.69.194-9618+[2607-f388-2200-100-1270-fdff-fe56-c444]-9618&alias=e4047.chtc.wisc.edu&noUDP&sock=startd_1894706_4cb2>
	SlotName: slot1_91@e4047.chtc.wisc.edu
	CondorScratchDir = "/var/lib/condor/execute/slot1/dir_513688"
	Cpus = 1
	Disk = 2416395
	IoHeavy = 0
	Memory = 1024
...
006 (248907.005.000) 2023-12-10 16:55:17 Image size of job updated: 678492
	663  -  MemoryUsage of job (MB)
	678436  -  ResidentSetSize of job (KB)
...
006 (248907.005.000) 2023-12-10 17:00:18 Image size of job updated: 895440
	841  -  MemoryUsage of job (MB)
	861148  -  ResidentSetSize of job (KB)
...
040 (248907.005.000) 2023-12-10 17:02:01 Started transferring output files
...
040 (248907.005.000) 2023-12-10 17:02:01 Finished transferring output files
...
005 (248907.005.000) 2023-12-10 17:02:01 Job terminated.
	(1) Normal termination (return value 0)
		Usr 0 00:01:44, Sys 0 00:00:08  -  Run Remote Usage
		Usr 0 00:00:00, Sys 0 00:00:00  -  Run Local Usage
		Usr 0 00:01:44, Sys 0 00:00:08  -  Total Remote Usage
		Usr 0 00:00:00, Sys 0 00:00:00  -  Total Local Usage
	74772  -  Run Bytes Sent By Job
	120850224  -  Run Bytes Received By Job
	74772  -  Total Bytes Sent By Job
	120850224  -  Total Bytes Received By Job
	Partitionable Resources :     Usage  Request Allocated 
	   Cpus                 :      0.24        1         1 
	   Disk (KB)            : 826807     1048576   2416395 
	   IoHeavy              :                            0 
	   Memory (MB)          :    841        1024      1024 

	Job terminated of its own accord at 2023-12-10T23:02:01Z with exit-code 0.
...
