000 (248907.003.000) 2023-12-10 16:54:16 Job submitted from host: <128.104.100.148:9618?addrs=128.104.100.148-9618+[2607-f388-107c-501-216-3eff-feb2-bc11]-9618&alias=learn.chtc.wisc.edu&noUDP&sock=schedd_1351356_64bc>
...
040 (248907.003.000) 2023-12-10 16:54:59 Started transferring input files
	Transferring to host: <128.105.69.138:9618?addrs=128.105.69.138-9618+[2607-f388-2200-100-1270-fdff-fe56-ca54]-9618&alias=e4015.chtc.wisc.edu&noUDP&sock=slot1_66_4172527_7c64_4349>
...
040 (248907.003.000) 2023-12-10 16:55:09 Finished transferring input files
...
001 (248907.003.000) 2023-12-10 16:55:10 Job executing on host: <128.105.69.138:9618?addrs=128.105.69.138-9618+[2607-f388-2200-100-1270-fdff-fe56-ca54]-9618&alias=e4015.chtc.wisc.edu&noUDP&sock=startd_2241834_3c16>
	SlotName: slot1_66@e4015.chtc.wisc.edu
	CondorScratchDir = "/var/lib/condor/execute/slot1/dir_2788064"
	Cpus = 1
	Disk = 2416395
	IoHeavy = 0
	Memory = 1024
...
006 (248907.003.000) 2023-12-10 16:55:18 Image size of job updated: 824164
	805  -  MemoryUsage of job (MB)
	823884  -  ResidentSetSize of job (KB)
...
006 (248907.003.000) 2023-12-10 16:55:22 Image size of job updated: 890680
	805  -  MemoryUsage of job (MB)
	823884  -  ResidentSetSize of job (KB)
...
040 (248907.003.000) 2023-12-10 16:55:22 Started transferring output files
...
040 (248907.003.000) 2023-12-10 16:55:22 Finished transferring output files
...
005 (248907.003.000) 2023-12-10 16:55:22 Job terminated.
	(1) Normal termination (return value 0)
		Usr 0 00:00:09, Sys 0 00:00:02  -  Run Remote Usage
		Usr 0 00:00:00, Sys 0 00:00:00  -  Run Local Usage
		Usr 0 00:00:09, Sys 0 00:00:02  -  Total Remote Usage
		Usr 0 00:00:00, Sys 0 00:00:00  -  Total Local Usage
	43142  -  Run Bytes Sent By Job
	120810416  -  Run Bytes Received By Job
	43142  -  Total Bytes Sent By Job
	120810416  -  Total Bytes Received By Job
	Partitionable Resources :    Usage  Request Allocated 
	   Cpus                 :        0        1         1 
	   Disk (KB)            :   826737  1048576   2416395 
	   IoHeavy              :                           0 
	   Memory (MB)          :      805     1024      1024 

	Job terminated of its own accord at 2023-12-10T22:55:22Z with exit-code 0.
...
