000 (248907.027.000) 2023-12-10 16:54:16 Job submitted from host: <128.104.100.148:9618?addrs=128.104.100.148-9618+[2607-f388-107c-501-216-3eff-feb2-bc11]-9618&alias=learn.chtc.wisc.edu&noUDP&sock=schedd_1351356_64bc>
...
040 (248907.027.000) 2023-12-10 16:55:06 Entered queue to transfer input files
	Transferring to host: <128.105.69.234:9618?addrs=128.105.69.234-9618+[2607-f388-2200-100-eaeb-d3ff-fe40-1efc]-9618&alias=e2617.chtc.wisc.edu&noUDP&sock=slot1_31_3858384_52dd_74583>
...
040 (248907.027.000) 2023-12-10 16:55:06 Started transferring input files
	Seconds spent in queue: 0
...
040 (248907.027.000) 2023-12-10 16:55:19 Finished transferring input files
...
001 (248907.027.000) 2023-12-10 16:55:20 Job executing on host: <128.105.69.234:9618?addrs=128.105.69.234-9618+[2607-f388-2200-100-eaeb-d3ff-fe40-1efc]-9618&alias=e2617.chtc.wisc.edu&noUDP&sock=startd_12572_ecbe>
	SlotName: slot1_31@e2617.chtc.wisc.edu
	CondorScratchDir = "/var/lib/condor/execute/slot1/dir_786960"
	Cpus = 1
	Disk = 2917996
	IoHeavy = 0
	Memory = 1024
...
006 (248907.027.000) 2023-12-10 16:55:28 Image size of job updated: 814816
	796  -  MemoryUsage of job (MB)
	814816  -  ResidentSetSize of job (KB)
...
006 (248907.027.000) 2023-12-10 16:55:33 Image size of job updated: 897036
	803  -  MemoryUsage of job (MB)
	821472  -  ResidentSetSize of job (KB)
...
040 (248907.027.000) 2023-12-10 16:55:33 Started transferring output files
	Seconds spent in queue: 27
...
040 (248907.027.000) 2023-12-10 16:55:33 Finished transferring output files
...
005 (248907.027.000) 2023-12-10 16:55:34 Job terminated.
	(1) Normal termination (return value 0)
		Usr 0 00:00:10, Sys 0 00:00:02  -  Run Remote Usage
		Usr 0 00:00:00, Sys 0 00:00:00  -  Run Local Usage
		Usr 0 00:00:10, Sys 0 00:00:02  -  Total Remote Usage
		Usr 0 00:00:00, Sys 0 00:00:00  -  Total Local Usage
	43425  -  Run Bytes Sent By Job
	120711880  -  Run Bytes Received By Job
	43425  -  Total Bytes Sent By Job
	120711880  -  Total Bytes Received By Job
	Partitionable Resources :    Usage  Request Allocated 
	   Cpus                 :        0        1         1 
	   Disk (KB)            :   826642  1048576   2917996 
	   IoHeavy              :                           0 
	   Memory (MB)          :      803     1024      1024 

	Job terminated of its own accord at 2023-12-10T22:55:33Z with exit-code 0.
...
