000 (248907.002.000) 2023-12-10 16:54:16 Job submitted from host: <128.104.100.148:9618?addrs=128.104.100.148-9618+[2607-f388-107c-501-216-3eff-feb2-bc11]-9618&alias=learn.chtc.wisc.edu&noUDP&sock=schedd_1351356_64bc>
...
040 (248907.002.000) 2023-12-10 16:54:58 Started transferring input files
	Transferring to host: <128.105.69.155:9618?addrs=128.105.69.155-9618+[2607-f388-2200-100-1270-fdff-fe56-476c]-9618&alias=e4088.chtc.wisc.edu&noUDP&sock=slot1_14_3463475_3542_2281>
...
040 (248907.002.000) 2023-12-10 16:55:08 Finished transferring input files
...
001 (248907.002.000) 2023-12-10 16:55:09 Job executing on host: <128.105.69.155:9618?addrs=128.105.69.155-9618+[2607-f388-2200-100-1270-fdff-fe56-476c]-9618&alias=e4088.chtc.wisc.edu&noUDP&sock=startd_1982933_aee5>
	SlotName: slot1_14@e4088.chtc.wisc.edu
	CondorScratchDir = "/var/lib/condor/execute/slot1/dir_3771293"
	Cpus = 1
	Disk = 2416395
	IoHeavy = 0
	Memory = 1024
...
006 (248907.002.000) 2023-12-10 16:55:17 Image size of job updated: 659436
	644  -  MemoryUsage of job (MB)
	659340  -  ResidentSetSize of job (KB)
...
006 (248907.002.000) 2023-12-10 16:55:35 Image size of job updated: 893544
	724  -  MemoryUsage of job (MB)
	740824  -  ResidentSetSize of job (KB)
...
040 (248907.002.000) 2023-12-10 16:55:35 Started transferring output files
...
040 (248907.002.000) 2023-12-10 16:55:35 Finished transferring output files
...
005 (248907.002.000) 2023-12-10 16:55:35 Job terminated.
	(1) Normal termination (return value 0)
		Usr 0 00:00:17, Sys 0 00:00:03  -  Run Remote Usage
		Usr 0 00:00:00, Sys 0 00:00:00  -  Run Local Usage
		Usr 0 00:00:17, Sys 0 00:00:03  -  Total Remote Usage
		Usr 0 00:00:00, Sys 0 00:00:00  -  Total Local Usage
	42846  -  Run Bytes Sent By Job
	120717768  -  Run Bytes Received By Job
	42846  -  Total Bytes Sent By Job
	120717768  -  Total Bytes Received By Job
	Partitionable Resources :    Usage  Request Allocated 
	   Cpus                 :                 1         1 
	   Disk (KB)            :   826638  1048576   2416395 
	   IoHeavy              :                           0 
	   Memory (MB)          :      724     1024      1024 

	Job terminated of its own accord at 2023-12-10T22:55:35Z with exit-code 0.
...
