000 (248907.010.000) 2023-12-10 16:54:16 Job submitted from host: <128.104.100.148:9618?addrs=128.104.100.148-9618+[2607-f388-107c-501-216-3eff-feb2-bc11]-9618&alias=learn.chtc.wisc.edu&noUDP&sock=schedd_1351356_64bc>
...
040 (248907.010.000) 2023-12-10 16:54:59 Started transferring input files
	Transferring to host: <128.105.69.194:9618?addrs=128.105.69.194-9618+[2607-f388-2200-100-1270-fdff-fe56-c444]-9618&alias=e4047.chtc.wisc.edu&noUDP&sock=slot1_178_1208399_298c_112999>
...
040 (248907.010.000) 2023-12-10 16:55:09 Finished transferring input files
...
001 (248907.010.000) 2023-12-10 16:55:10 Job executing on host: <128.105.69.194:9618?addrs=128.105.69.194-9618+[2607-f388-2200-100-1270-fdff-fe56-c444]-9618&alias=e4047.chtc.wisc.edu&noUDP&sock=startd_1894706_4cb2>
	SlotName: slot1_178@e4047.chtc.wisc.edu
	CondorScratchDir = "/var/lib/condor/execute/slot1/dir_513689"
	Cpus = 1
	Disk = 2416395
	IoHeavy = 0
	Memory = 1024
...
006 (248907.010.000) 2023-12-10 16:55:18 Image size of job updated: 831888
	813  -  MemoryUsage of job (MB)
	831888  -  ResidentSetSize of job (KB)
...
006 (248907.010.000) 2023-12-10 17:00:04 Image size of job updated: 898860
	813  -  MemoryUsage of job (MB)
	831888  -  ResidentSetSize of job (KB)
...
040 (248907.010.000) 2023-12-10 17:00:04 Started transferring output files
...
040 (248907.010.000) 2023-12-10 17:00:04 Finished transferring output files
...
005 (248907.010.000) 2023-12-10 17:00:04 Job terminated.
	(1) Normal termination (return value 0)
		Usr 0 00:01:10, Sys 0 00:00:06  -  Run Remote Usage
		Usr 0 00:00:00, Sys 0 00:00:00  -  Run Local Usage
		Usr 0 00:01:10, Sys 0 00:00:06  -  Total Remote Usage
		Usr 0 00:00:00, Sys 0 00:00:00  -  Total Local Usage
	170434  -  Run Bytes Sent By Job
	120827232  -  Run Bytes Received By Job
	170434  -  Total Bytes Sent By Job
	120827232  -  Total Bytes Received By Job
	Partitionable Resources :     Usage  Request Allocated 
	   Cpus                 :      0.22        1         1 
	   Disk (KB)            : 826878     1048576   2416395 
	   IoHeavy              :                            0 
	   Memory (MB)          :    813        1024      1024 

	Job terminated of its own accord at 2023-12-10T23:00:04Z with exit-code 0.
...
