000 (248907.044.000) 2023-12-10 16:54:16 Job submitted from host: <128.104.100.148:9618?addrs=128.104.100.148-9618+[2607-f388-107c-501-216-3eff-feb2-bc11]-9618&alias=learn.chtc.wisc.edu&noUDP&sock=schedd_1351356_64bc>
...
040 (248907.044.000) 2023-12-10 16:55:07 Entered queue to transfer input files
	Transferring to host: <128.105.69.133:9618?addrs=128.105.69.133-9618+[2607-f388-2200-100-1270-fdff-fe56-70f4]-9618&alias=e4082.chtc.wisc.edu&noUDP&sock=slot1_124_633798_c6e6_77784>
...
040 (248907.044.000) 2023-12-10 16:55:14 Started transferring input files
	Seconds spent in queue: 7
...
040 (248907.044.000) 2023-12-10 16:55:20 Finished transferring input files
...
001 (248907.044.000) 2023-12-10 16:55:22 Job executing on host: <128.105.69.133:9618?addrs=128.105.69.133-9618+[2607-f388-2200-100-1270-fdff-fe56-70f4]-9618&alias=e4082.chtc.wisc.edu&noUDP&sock=startd_1346633_ceef>
	SlotName: slot1_124@e4082.chtc.wisc.edu
	CondorScratchDir = "/var/lib/condor/execute/slot1/dir_799220"
	Cpus = 1
	Disk = 2416395
	IoHeavy = 0
	Memory = 1024
...
006 (248907.044.000) 2023-12-10 16:55:30 Image size of job updated: 823984
	805  -  MemoryUsage of job (MB)
	823776  -  ResidentSetSize of job (KB)
...
006 (248907.044.000) 2023-12-10 16:55:33 Image size of job updated: 891672
	805  -  MemoryUsage of job (MB)
	824288  -  ResidentSetSize of job (KB)
...
040 (248907.044.000) 2023-12-10 16:55:34 Started transferring output files
	Seconds spent in queue: 27
...
040 (248907.044.000) 2023-12-10 16:55:34 Finished transferring output files
...
005 (248907.044.000) 2023-12-10 16:55:34 Job terminated.
	(1) Normal termination (return value 0)
		Usr 0 00:00:08, Sys 0 00:00:02  -  Run Remote Usage
		Usr 0 00:00:00, Sys 0 00:00:00  -  Run Local Usage
		Usr 0 00:00:08, Sys 0 00:00:02  -  Total Remote Usage
		Usr 0 00:00:00, Sys 0 00:00:00  -  Total Local Usage
	43383  -  Run Bytes Sent By Job
	120817632  -  Run Bytes Received By Job
	43383  -  Total Bytes Sent By Job
	120817632  -  Total Bytes Received By Job
	Partitionable Resources :    Usage  Request Allocated 
	   Cpus                 :                 1         1 
	   Disk (KB)            :   826736  1048576   2416395 
	   IoHeavy              :                           0 
	   Memory (MB)          :      805     1024      1024 

	Job terminated of its own accord at 2023-12-10T22:55:33Z with exit-code 0.
...
