000 (248907.037.000) 2023-12-10 16:54:16 Job submitted from host: <128.104.100.148:9618?addrs=128.104.100.148-9618+[2607-f388-107c-501-216-3eff-feb2-bc11]-9618&alias=learn.chtc.wisc.edu&noUDP&sock=schedd_1351356_64bc>
...
040 (248907.037.000) 2023-12-10 16:55:07 Entered queue to transfer input files
	Transferring to host: <128.105.69.240:9618?addrs=128.105.69.240-9618+[2607-f388-2200-100-eaeb-d3ff-fe40-1544]-9618&alias=e2623.chtc.wisc.edu&noUDP&sock=slot1_38_1509358_00fb_2885>
...
040 (248907.037.000) 2023-12-10 16:55:11 Started transferring input files
	Seconds spent in queue: 4
...
040 (248907.037.000) 2023-12-10 16:55:21 Finished transferring input files
...
001 (248907.037.000) 2023-12-10 16:55:22 Job executing on host: <128.105.69.240:9618?addrs=128.105.69.240-9618+[2607-f388-2200-100-eaeb-d3ff-fe40-1544]-9618&alias=e2623.chtc.wisc.edu&noUDP&sock=startd_12474_b476>
	SlotName: slot1_38@e2623.chtc.wisc.edu
	CondorScratchDir = "/var/lib/condor/execute/slot1/dir_2697495"
	Cpus = 1
	Disk = 2917996
	IoHeavy = 0
	Memory = 1024
...
006 (248907.037.000) 2023-12-10 16:55:30 Image size of job updated: 525868
	514  -  MemoryUsage of job (MB)
	525636  -  ResidentSetSize of job (KB)
...
006 (248907.037.000) 2023-12-10 16:55:32 Image size of job updated: 592272
	514  -  MemoryUsage of job (MB)
	525636  -  ResidentSetSize of job (KB)
...
040 (248907.037.000) 2023-12-10 16:55:32 Started transferring output files
	Seconds spent in queue: 25
...
040 (248907.037.000) 2023-12-10 16:55:32 Finished transferring output files
...
005 (248907.037.000) 2023-12-10 16:55:32 Job terminated.
	(1) Normal termination (return value 0)
		Usr 0 00:00:07, Sys 0 00:00:01  -  Run Remote Usage
		Usr 0 00:00:00, Sys 0 00:00:00  -  Run Local Usage
		Usr 0 00:00:07, Sys 0 00:00:01  -  Total Remote Usage
		Usr 0 00:00:00, Sys 0 00:00:00  -  Total Local Usage
	42552  -  Run Bytes Sent By Job
	120810072  -  Run Bytes Received By Job
	42552  -  Total Bytes Sent By Job
	120810072  -  Total Bytes Received By Job
	Partitionable Resources :    Usage  Request Allocated 
	   Cpus                 :        0        1         1 
	   Disk (KB)            :   826736  1048576   2917996 
	   IoHeavy              :                           0 
	   Memory (MB)          :      514     1024      1024 

	Job terminated of its own accord at 2023-12-10T22:55:32Z with exit-code 0.
...
