000 (248907.025.000) 2023-12-10 16:54:16 Job submitted from host: <128.104.100.148:9618?addrs=128.104.100.148-9618+[2607-f388-107c-501-216-3eff-feb2-bc11]-9618&alias=learn.chtc.wisc.edu&noUDP&sock=schedd_1351356_64bc>
...
040 (248907.025.000) 2023-12-10 16:55:06 Entered queue to transfer input files
	Transferring to host: <128.105.69.155:9618?addrs=128.105.69.155-9618+[2607-f388-2200-100-1270-fdff-fe56-476c]-9618&alias=e4088.chtc.wisc.edu&noUDP&sock=slot1_230_3463475_3542_2286>
...
040 (248907.025.000) 2023-12-10 16:55:06 Started transferring input files
	Seconds spent in queue: 0
...
040 (248907.025.000) 2023-12-10 16:55:16 Finished transferring input files
...
001 (248907.025.000) 2023-12-10 16:55:17 Job executing on host: <128.105.69.155:9618?addrs=128.105.69.155-9618+[2607-f388-2200-100-1270-fdff-fe56-476c]-9618&alias=e4088.chtc.wisc.edu&noUDP&sock=startd_1982933_aee5>
	SlotName: slot1_230@e4088.chtc.wisc.edu
	CondorScratchDir = "/var/lib/condor/execute/slot1/dir_3771303"
	Cpus = 1
	Disk = 2416395
	IoHeavy = 0
	Memory = 1024
...
006 (248907.025.000) 2023-12-10 16:55:25 Image size of job updated: 341960
	334  -  MemoryUsage of job (MB)
	341844  -  ResidentSetSize of job (KB)
...
006 (248907.025.000) 2023-12-10 17:00:26 Image size of job updated: 593952
	543  -  MemoryUsage of job (MB)
	555292  -  ResidentSetSize of job (KB)
...
006 (248907.025.000) 2023-12-10 17:05:26 Image size of job updated: 593952
	543  -  MemoryUsage of job (MB)
	555908  -  ResidentSetSize of job (KB)
...
006 (248907.025.000) 2023-12-10 17:07:44 Image size of job updated: 593952
	544  -  MemoryUsage of job (MB)
	556164  -  ResidentSetSize of job (KB)
...
040 (248907.025.000) 2023-12-10 17:07:44 Started transferring output files
	Seconds spent in queue: 758
...
040 (248907.025.000) 2023-12-10 17:07:44 Finished transferring output files
...
005 (248907.025.000) 2023-12-10 17:07:45 Job terminated.
	(1) Normal termination (return value 0)
		Usr 0 00:03:44, Sys 0 00:00:17  -  Run Remote Usage
		Usr 0 00:00:00, Sys 0 00:00:00  -  Run Local Usage
		Usr 0 00:03:44, Sys 0 00:00:17  -  Total Remote Usage
		Usr 0 00:00:00, Sys 0 00:00:00  -  Total Local Usage
	192208  -  Run Bytes Sent By Job
	120932312  -  Run Bytes Received By Job
	192208  -  Total Bytes Sent By Job
	120932312  -  Total Bytes Received By Job
	Partitionable Resources :     Usage  Request Allocated 
	   Cpus                 :      0.31        1         1 
	   Disk (KB)            : 827002     1048576   2416395 
	   IoHeavy              :                            0 
	   Memory (MB)          :    544        1024      1024 

	Job terminated of its own accord at 2023-12-10T23:07:44Z with exit-code 0.
...
