000 (248907.001.000) 2023-12-10 16:54:16 Job submitted from host: <128.104.100.148:9618?addrs=128.104.100.148-9618+[2607-f388-107c-501-216-3eff-feb2-bc11]-9618&alias=learn.chtc.wisc.edu&noUDP&sock=schedd_1351356_64bc>
...
040 (248907.001.000) 2023-12-10 16:54:58 Started transferring input files
	Transferring to host: <128.105.69.158:9618?addrs=128.105.69.158-9618+[2607-f388-2200-100-1270-fdff-fe56-4684]-9618&alias=e4091.chtc.wisc.edu&noUDP&sock=slot1_117_2871233_246f_112956>
...
040 (248907.001.000) 2023-12-10 16:55:05 Finished transferring input files
...
001 (248907.001.000) 2023-12-10 16:55:06 Job executing on host: <128.105.69.158:9618?addrs=128.105.69.158-9618+[2607-f388-2200-100-1270-fdff-fe56-4684]-9618&alias=e4091.chtc.wisc.edu&noUDP&sock=startd_3602617_3009>
	SlotName: slot1_117@e4091.chtc.wisc.edu
	CondorScratchDir = "/var/lib/condor/execute/slot1/dir_2419091"
	Cpus = 1
	Disk = 2416395
	IoHeavy = 0
	Memory = 1024
...
006 (248907.001.000) 2023-12-10 16:55:15 Image size of job updated: 507148
	496  -  MemoryUsage of job (MB)
	507148  -  ResidentSetSize of job (KB)
...
006 (248907.001.000) 2023-12-10 17:00:16 Image size of job updated: 592092
	543  -  MemoryUsage of job (MB)
	555368  -  ResidentSetSize of job (KB)
...
006 (248907.001.000) 2023-12-10 17:05:16 Image size of job updated: 592092
	543  -  MemoryUsage of job (MB)
	555884  -  ResidentSetSize of job (KB)
...
040 (248907.001.000) 2023-12-10 17:09:50 Started transferring output files
...
040 (248907.001.000) 2023-12-10 17:09:50 Finished transferring output files
...
005 (248907.001.000) 2023-12-10 17:09:50 Job terminated.
	(1) Normal termination (return value 0)
		Usr 0 00:02:12, Sys 0 00:00:10  -  Run Remote Usage
		Usr 0 00:00:00, Sys 0 00:00:00  -  Run Local Usage
		Usr 0 00:02:12, Sys 0 00:00:10  -  Total Remote Usage
		Usr 0 00:00:00, Sys 0 00:00:00  -  Total Local Usage
	50540  -  Run Bytes Sent By Job
	120956728  -  Run Bytes Received By Job
	50540  -  Total Bytes Sent By Job
	120956728  -  Total Bytes Received By Job
	Partitionable Resources :     Usage  Request Allocated 
	   Cpus                 :      0.22        1         1 
	   Disk (KB)            : 826888     1048576   2416395 
	   IoHeavy              :                            0 
	   Memory (MB)          :    543        1024      1024 

	Job terminated of its own accord at 2023-12-10T23:09:50Z with exit-code 0.
...
