000 (248907.032.000) 2023-12-10 16:54:16 Job submitted from host: <128.104.100.148:9618?addrs=128.104.100.148-9618+[2607-f388-107c-501-216-3eff-feb2-bc11]-9618&alias=learn.chtc.wisc.edu&noUDP&sock=schedd_1351356_64bc>
...
040 (248907.032.000) 2023-12-10 16:55:06 Entered queue to transfer input files
	Transferring to host: <128.105.69.132:9618?addrs=128.105.69.132-9618+[2607-f388-2200-100-1270-fdff-fe56-673c]-9618&alias=e4081.chtc.wisc.edu&noUDP&sock=slot1_31_1302563_3801_78035>
...
040 (248907.032.000) 2023-12-10 16:55:08 Started transferring input files
	Seconds spent in queue: 2
...
040 (248907.032.000) 2023-12-10 16:55:19 Finished transferring input files
...
001 (248907.032.000) 2023-12-10 16:55:20 Job executing on host: <128.105.69.132:9618?addrs=128.105.69.132-9618+[2607-f388-2200-100-1270-fdff-fe56-673c]-9618&alias=e4081.chtc.wisc.edu&noUDP&sock=startd_3027068_721d>
	SlotName: slot1_31@e4081.chtc.wisc.edu
	CondorScratchDir = "/var/lib/condor/execute/slot1/dir_2314902"
	Cpus = 1
	Disk = 2416395
	IoHeavy = 0
	Memory = 1024
...
006 (248907.032.000) 2023-12-10 16:55:28 Image size of job updated: 827552
	809  -  MemoryUsage of job (MB)
	827500  -  ResidentSetSize of job (KB)
...
006 (248907.032.000) 2023-12-10 17:00:28 Image size of job updated: 895344
	836  -  MemoryUsage of job (MB)
	855720  -  ResidentSetSize of job (KB)
...
040 (248907.032.000) 2023-12-10 17:07:35 Started transferring output files
	Seconds spent in queue: 749
...
040 (248907.032.000) 2023-12-10 17:07:35 Finished transferring output files
...
005 (248907.032.000) 2023-12-10 17:07:35 Job terminated.
	(1) Normal termination (return value 0)
		Usr 0 00:02:17, Sys 0 00:00:10  -  Run Remote Usage
		Usr 0 00:00:00, Sys 0 00:00:00  -  Run Local Usage
		Usr 0 00:02:17, Sys 0 00:00:10  -  Total Remote Usage
		Usr 0 00:00:00, Sys 0 00:00:00  -  Total Local Usage
	73065  -  Run Bytes Sent By Job
	120938464  -  Run Bytes Received By Job
	73065  -  Total Bytes Sent By Job
	120938464  -  Total Bytes Received By Job
	Partitionable Resources :     Usage  Request Allocated 
	   Cpus                 :      0.20        1         1 
	   Disk (KB)            : 826892     1048576   2416395 
	   IoHeavy              :                            0 
	   Memory (MB)          :    836        1024      1024 

	Job terminated of its own accord at 2023-12-10T23:07:35Z with exit-code 0.
...
