000 (248907.041.000) 2023-12-10 16:54:16 Job submitted from host: <128.104.100.148:9618?addrs=128.104.100.148-9618+[2607-f388-107c-501-216-3eff-feb2-bc11]-9618&alias=learn.chtc.wisc.edu&noUDP&sock=schedd_1351356_64bc>
...
040 (248907.041.000) 2023-12-10 16:55:07 Entered queue to transfer input files
	Transferring to host: <128.105.69.234:9618?addrs=128.105.69.234-9618+[2607-f388-2200-100-eaeb-d3ff-fe40-1efc]-9618&alias=e2617.chtc.wisc.edu&noUDP&sock=slot1_161_3858384_52dd_74584>
...
040 (248907.041.000) 2023-12-10 16:55:13 Started transferring input files
	Seconds spent in queue: 6
...
040 (248907.041.000) 2023-12-10 16:55:21 Finished transferring input files
...
001 (248907.041.000) 2023-12-10 16:55:22 Job executing on host: <128.105.69.234:9618?addrs=128.105.69.234-9618+[2607-f388-2200-100-eaeb-d3ff-fe40-1efc]-9618&alias=e2617.chtc.wisc.edu&noUDP&sock=startd_12572_ecbe>
	SlotName: slot1_161@e2617.chtc.wisc.edu
	CondorScratchDir = "/var/lib/condor/execute/slot1/dir_786967"
	Cpus = 1
	Disk = 2917996
	IoHeavy = 0
	Memory = 1024
...
006 (248907.041.000) 2023-12-10 16:55:30 Image size of job updated: 834536
	815  -  MemoryUsage of job (MB)
	834532  -  ResidentSetSize of job (KB)
...
006 (248907.041.000) 2023-12-10 17:00:31 Image size of job updated: 898468
	840  -  MemoryUsage of job (MB)
	859224  -  ResidentSetSize of job (KB)
...
006 (248907.041.000) 2023-12-10 17:10:32 Image size of job updated: 898468
	840  -  MemoryUsage of job (MB)
	859364  -  ResidentSetSize of job (KB)
...
040 (248907.041.000) 2023-12-10 17:11:10 Started transferring output files
	Seconds spent in queue: 963
...
040 (248907.041.000) 2023-12-10 17:11:10 Finished transferring output files
...
005 (248907.041.000) 2023-12-10 17:11:11 Job terminated.
	(1) Normal termination (return value 0)
		Usr 0 00:04:45, Sys 0 00:00:18  -  Run Remote Usage
		Usr 0 00:00:00, Sys 0 00:00:00  -  Run Local Usage
		Usr 0 00:04:45, Sys 0 00:00:18  -  Total Remote Usage
		Usr 0 00:00:00, Sys 0 00:00:00  -  Total Local Usage
	258772  -  Run Bytes Sent By Job
	120941744  -  Run Bytes Received By Job
	258772  -  Total Bytes Sent By Job
	120941744  -  Total Bytes Received By Job
	Partitionable Resources :     Usage  Request Allocated 
	   Cpus                 :      0.30        1         1 
	   Disk (KB)            : 827076     1048576   2917996 
	   IoHeavy              :                            0 
	   Memory (MB)          :    840        1024      1024 

	Job terminated of its own accord at 2023-12-10T23:11:10Z with exit-code 0.
...
