000 (248907.043.000) 2023-12-10 16:54:16 Job submitted from host: <128.104.100.148:9618?addrs=128.104.100.148-9618+[2607-f388-107c-501-216-3eff-feb2-bc11]-9618&alias=learn.chtc.wisc.edu&noUDP&sock=schedd_1351356_64bc>
...
040 (248907.043.000) 2023-12-10 16:55:07 Entered queue to transfer input files
	Transferring to host: <128.105.69.100:9618?addrs=128.105.69.100-9618+[2607-f388-2200-100-1270-fdff-fe56-4634]-9618&alias=e4011.chtc.wisc.edu&noUDP&sock=slot1_167_2643638_e028_77079>
...
040 (248907.043.000) 2023-12-10 16:55:13 Started transferring input files
	Seconds spent in queue: 6
...
040 (248907.043.000) 2023-12-10 16:55:21 Finished transferring input files
...
001 (248907.043.000) 2023-12-10 16:55:22 Job executing on host: <128.105.69.100:9618?addrs=128.105.69.100-9618+[2607-f388-2200-100-1270-fdff-fe56-4634]-9618&alias=e4011.chtc.wisc.edu&noUDP&sock=startd_3796853_ed83>
	SlotName: slot1_167@e4011.chtc.wisc.edu
	CondorScratchDir = "/var/lib/condor/execute/slot1/dir_3117543"
	Cpus = 1
	Disk = 2416395
	IoHeavy = 0
	Memory = 1024
...
006 (248907.043.000) 2023-12-10 16:55:30 Image size of job updated: 525416
	513  -  MemoryUsage of job (MB)
	525204  -  ResidentSetSize of job (KB)
...
006 (248907.043.000) 2023-12-10 16:57:35 Image size of job updated: 592564
	513  -  MemoryUsage of job (MB)
	525204  -  ResidentSetSize of job (KB)
...
040 (248907.043.000) 2023-12-10 16:57:35 Started transferring output files
	Seconds spent in queue: 148
...
040 (248907.043.000) 2023-12-10 16:57:35 Finished transferring output files
...
005 (248907.043.000) 2023-12-10 16:57:35 Job terminated.
	(1) Normal termination (return value 0)
		Usr 0 00:00:29, Sys 0 00:00:03  -  Run Remote Usage
		Usr 0 00:00:00, Sys 0 00:00:00  -  Run Local Usage
		Usr 0 00:00:29, Sys 0 00:00:03  -  Total Remote Usage
		Usr 0 00:00:00, Sys 0 00:00:00  -  Total Local Usage
	73156  -  Run Bytes Sent By Job
	120756992  -  Run Bytes Received By Job
	73156  -  Total Bytes Sent By Job
	120756992  -  Total Bytes Received By Job
	Partitionable Resources :    Usage  Request Allocated 
	   Cpus                 :        0        1         1 
	   Disk (KB)            :   826715  1048576   2416395 
	   IoHeavy              :                           0 
	   Memory (MB)          :      513     1024      1024 

	Job terminated of its own accord at 2023-12-10T22:57:35Z with exit-code 0.
...
