000 (248907.030.000) 2023-12-10 16:54:16 Job submitted from host: <128.104.100.148:9618?addrs=128.104.100.148-9618+[2607-f388-107c-501-216-3eff-feb2-bc11]-9618&alias=learn.chtc.wisc.edu&noUDP&sock=schedd_1351356_64bc>
...
040 (248907.030.000) 2023-12-10 16:55:06 Entered queue to transfer input files
	Transferring to host: <128.105.69.133:9618?addrs=128.105.69.133-9618+[2607-f388-2200-100-1270-fdff-fe56-70f4]-9618&alias=e4082.chtc.wisc.edu&noUDP&sock=slot1_43_633798_c6e6_77783>
...
040 (248907.030.000) 2023-12-10 16:55:08 Started transferring input files
	Seconds spent in queue: 2
...
040 (248907.030.000) 2023-12-10 16:55:13 Finished transferring input files
...
001 (248907.030.000) 2023-12-10 16:55:14 Job executing on host: <128.105.69.133:9618?addrs=128.105.69.133-9618+[2607-f388-2200-100-1270-fdff-fe56-70f4]-9618&alias=e4082.chtc.wisc.edu&noUDP&sock=startd_1346633_ceef>
	SlotName: slot1_43@e4082.chtc.wisc.edu
	CondorScratchDir = "/var/lib/condor/execute/slot1/dir_799212"
	Cpus = 1
	Disk = 2416395
	IoHeavy = 0
	Memory = 1024
...
006 (248907.030.000) 2023-12-10 16:55:22 Image size of job updated: 824848
	806  -  MemoryUsage of job (MB)
	824848  -  ResidentSetSize of job (KB)
...
006 (248907.030.000) 2023-12-10 17:00:23 Image size of job updated: 892060
	835  -  MemoryUsage of job (MB)
	854568  -  ResidentSetSize of job (KB)
...
040 (248907.030.000) 2023-12-10 17:09:12 Started transferring output files
	Seconds spent in queue: 846
...
040 (248907.030.000) 2023-12-10 17:09:12 Finished transferring output files
...
005 (248907.030.000) 2023-12-10 17:09:13 Job terminated.
	(1) Normal termination (return value 0)
		Usr 0 00:04:41, Sys 0 00:00:17  -  Run Remote Usage
		Usr 0 00:00:00, Sys 0 00:00:00  -  Run Local Usage
		Usr 0 00:04:41, Sys 0 00:00:17  -  Total Remote Usage
		Usr 0 00:00:00, Sys 0 00:00:00  -  Total Local Usage
	75283  -  Run Bytes Sent By Job
	120898176  -  Run Bytes Received By Job
	75283  -  Total Bytes Sent By Job
	120898176  -  Total Bytes Received By Job
	Partitionable Resources :     Usage  Request Allocated 
	   Cpus                 :      0.37        1         1 
	   Disk (KB)            : 826855     1048576   2416395 
	   IoHeavy              :                            0 
	   Memory (MB)          :    835        1024      1024 

	Job terminated of its own accord at 2023-12-10T23:09:12Z with exit-code 0.
...
