000 (248907.031.000) 2023-12-10 16:54:16 Job submitted from host: <128.104.100.148:9618?addrs=128.104.100.148-9618+[2607-f388-107c-501-216-3eff-feb2-bc11]-9618&alias=learn.chtc.wisc.edu&noUDP&sock=schedd_1351356_64bc>
...
040 (248907.031.000) 2023-12-10 16:55:06 Entered queue to transfer input files
	Transferring to host: <128.105.69.213:9618?addrs=128.105.69.213-9618+[2607-f388-2200-100-eaeb-d3ff-fe40-894]-9618&alias=e2596.chtc.wisc.edu&noUDP&sock=slot1_95_433351_bb6f_76998>
...
040 (248907.031.000) 2023-12-10 16:55:08 Started transferring input files
	Seconds spent in queue: 2
...
040 (248907.031.000) 2023-12-10 16:55:16 Finished transferring input files
...
001 (248907.031.000) 2023-12-10 16:55:17 Job executing on host: <128.105.69.213:9618?addrs=128.105.69.213-9618+[2607-f388-2200-100-eaeb-d3ff-fe40-894]-9618&alias=e2596.chtc.wisc.edu&noUDP&sock=startd_12502_e91d>
	SlotName: slot1_95@e2596.chtc.wisc.edu
	CondorScratchDir = "/var/lib/condor/execute/slot1/dir_2604139"
	Cpus = 1
	Disk = 2917996
	IoHeavy = 0
	Memory = 1024
...
006 (248907.031.000) 2023-12-10 16:55:25 Image size of job updated: 826692
	807  -  MemoryUsage of job (MB)
	826136  -  ResidentSetSize of job (KB)
...
006 (248907.031.000) 2023-12-10 17:00:25 Image size of job updated: 893464
	834  -  MemoryUsage of job (MB)
	853520  -  ResidentSetSize of job (KB)
...
006 (248907.031.000) 2023-12-10 17:05:26 Image size of job updated: 893464
	834  -  MemoryUsage of job (MB)
	853880  -  ResidentSetSize of job (KB)
...
040 (248907.031.000) 2023-12-10 17:08:58 Started transferring output files
	Seconds spent in queue: 832
...
040 (248907.031.000) 2023-12-10 17:08:58 Finished transferring output files
...
005 (248907.031.000) 2023-12-10 17:08:58 Job terminated.
	(1) Normal termination (return value 0)
		Usr 0 00:02:28, Sys 0 00:00:11  -  Run Remote Usage
		Usr 0 00:00:00, Sys 0 00:00:00  -  Run Local Usage
		Usr 0 00:02:28, Sys 0 00:00:11  -  Total Remote Usage
		Usr 0 00:00:00, Sys 0 00:00:00  -  Total Local Usage
	72895  -  Run Bytes Sent By Job
	120933624  -  Run Bytes Received By Job
	72895  -  Total Bytes Sent By Job
	120933624  -  Total Bytes Received By Job
	Partitionable Resources :     Usage  Request Allocated 
	   Cpus                 :      0.28        1         1 
	   Disk (KB)            : 826887     1048576   2917996 
	   IoHeavy              :                            0 
	   Memory (MB)          :    834        1024      1024 

	Job terminated of its own accord at 2023-12-10T23:08:57Z with exit-code 0.
...
