000 (248907.020.000) 2023-12-10 16:54:16 Job submitted from host: <128.104.100.148:9618?addrs=128.104.100.148-9618+[2607-f388-107c-501-216-3eff-feb2-bc11]-9618&alias=learn.chtc.wisc.edu&noUDP&sock=schedd_1351356_64bc>
...
040 (248907.020.000) 2023-12-10 16:55:05 Started transferring input files
	Transferring to host: <128.105.69.114:9618?addrs=128.105.69.114-9618+[2607-f388-2200-100-1270-fdff-fe56-470c]-9618&alias=e4063.chtc.wisc.edu&noUDP&sock=slot1_177_22217_a2e1_102603>
...
040 (248907.020.000) 2023-12-10 16:55:15 Finished transferring input files
...
001 (248907.020.000) 2023-12-10 16:55:16 Job executing on host: <128.105.69.114:9618?addrs=128.105.69.114-9618+[2607-f388-2200-100-1270-fdff-fe56-470c]-9618&alias=e4063.chtc.wisc.edu&noUDP&sock=startd_3712234_5504>
	SlotName: slot1_177@e4063.chtc.wisc.edu
	CondorScratchDir = "/var/lib/condor/execute/slot1/dir_4063008"
	Cpus = 1
	Disk = 2416395
	IoHeavy = 0
	Memory = 1024
...
006 (248907.020.000) 2023-12-10 16:55:25 Image size of job updated: 809024
	791  -  MemoryUsage of job (MB)
	809024  -  ResidentSetSize of job (KB)
...
006 (248907.020.000) 2023-12-10 16:55:32 Image size of job updated: 891484
	795  -  MemoryUsage of job (MB)
	813632  -  ResidentSetSize of job (KB)
...
040 (248907.020.000) 2023-12-10 16:55:32 Started transferring output files
...
040 (248907.020.000) 2023-12-10 16:55:32 Finished transferring output files
...
005 (248907.020.000) 2023-12-10 16:55:32 Job terminated.
	(1) Normal termination (return value 0)
		Usr 0 00:00:14, Sys 0 00:00:03  -  Run Remote Usage
		Usr 0 00:00:00, Sys 0 00:00:00  -  Run Local Usage
		Usr 0 00:00:14, Sys 0 00:00:03  -  Total Remote Usage
		Usr 0 00:00:00, Sys 0 00:00:00  -  Total Local Usage
	43730  -  Run Bytes Sent By Job
	120799072  -  Run Bytes Received By Job
	43730  -  Total Bytes Sent By Job
	120799072  -  Total Bytes Received By Job
	Partitionable Resources :    Usage  Request Allocated 
	   Cpus                 :        0        1         1 
	   Disk (KB)            :   826727  1048576   2416395 
	   IoHeavy              :                           0 
	   Memory (MB)          :      795     1024      1024 

	Job terminated of its own accord at 2023-12-10T22:55:32Z with exit-code 0.
...
